{
  "generated_at": "2025-12-02T15:37:38.386976",
  "source_folder": "C:\\Users\\ADMIN\\Downloads\\major prj\\cuckoo",
  "reports_count": 3,
  "errors": [
    {
      "file": "C:\\Users\\ADMIN\\Downloads\\major prj\\cuckoo\\files.json",
      "error": "Extra data: line 2 column 1 (char 57)"
    },
    {
      "file": "C:\\Users\\ADMIN\\Downloads\\major prj\\cuckoo\\reboot.json",
      "error": "Expecting value: line 1 column 1 (char 0)"
    },
    {
      "file": "C:\\Users\\ADMIN\\Downloads\\major prj\\cuckoo\\suricata\\eve.json",
      "error": "Extra data: line 2 column 1 (char 248)"
    }
  ],
  "reports": [
    {
      "original": {
        "action": [],
        "errors": [],
        "_report_path": "C:\\Users\\ADMIN\\Downloads\\major prj\\cuckoo\\analysis.json"
      },
      "summary": {
        "source_file": "C:\\Users\\ADMIN\\Downloads\\major prj\\cuckoo\\analysis.json",
        "task_id": null,
        "timestamp": null,
        "file_name": null,
        "file_md5": null,
        "file_sha1": null,
        "file_sha256": null,
        "file_size": null,
        "signatures": [],
        "signatures_count": 0,
        "network_hosts": [],
        "network_hosts_count": 0,
        "dropped": [],
        "dropped_count": 0,
        "contains_malicious_word": false
      }
    },
    {
      "original": {
        "info": {
          "added": 1764681496.29395,
          "started": 1764681504.713993,
          "duration": 75,
          "ended": 1764681580.548208,
          "owner": null,
          "score": 0.1,
          "id": 7210879,
          "category": "file",
          "git": {
            "head": "",
            "fetch_head": ""
          },
          "monitor": null,
          "package": "7z",
          "route": "internet",
          "custom": null,
          "machine": {
            "status": "stopped",
            "name": "win7x649",
            "label": "win7x649",
            "platform": "windows",
            "manager": "VirtualBox",
            "started_on": "2025-12-02 13:18:29",
            "shutdown_on": "2025-12-02 13:19:40"
          },
          "platform": null,
          "version": "2.0.7",
          "options": "procmemdump=yes,route=internet"
        },
        "signatures": [
          {
            "families": [],
            "description": "Yara rule detected for file",
            "severity": 1,
            "ttp": {},
            "markcount": 1,
            "references": [],
            "marks": [
              {
                "type": "generic",
                "description": "Matched shellcode byte patterns",
                "rule": "shellcode"
              }
            ],
            "name": "file_yara"
          }
        ],
        "target": {
          "category": "file",
          "file": {
            "mimetype": "application/zip",
            "yara": [
              {
                "meta": {
                  "description": "Matched shellcode byte patterns",
                  "author": "nex"
                },
                "name": "shellcode",
                "offsets": {
                  "shell1": [
                    [
                      4728278,
                      0
                    ],
                    [
                      26913689,
                      0
                    ],
                    [
                      39630366,
                      0
                    ],
                    [
                      52210616,
                      0
                    ],
                    [
                      64834423,
                      0
                    ],
                    [
                      77457431,
                      0
                    ],
                    [
                      94800627,
                      0
                    ],
                    [
                      114152038,
                      0
                    ],
                    [
                      114230322,
                      0
                    ],
                    [
                      131076195,
                      0
                    ],
                    [
                      143699702,
                      0
                    ]
                  ],
                  "shell2": [
                    [
                      25838515,
                      1
                    ],
                    [
                      54692949,
                      1
                    ],
                    [
                      75601092,
                      1
                    ],
                    [
                      77959391,
                      1
                    ],
                    [
                      94292524,
                      1
                    ],
                    [
                      124981851,
                      1
                    ]
                  ]
                },
                "strings": [
                  "ZItk",
                  "ZKEw"
                ]
              }
            ],
            "sha1": "bf49fefd464c8d5f09171636cbd756f4f0416cec",
            "name": "Ransomware_Simulator-main.zip",
            "type": "Zip archive data, at least v1.0 to extract, compression method=store",
            "sha256": "e66c34e8f040d22311975d05117d596619bcdc747e6cc61378ad121edad8f883",
            "urls": [],
            "crc32": "23A35BB2",
            "path": "/srv/cuckoo/cwd/storage/binaries/e66c34e8f040d22311975d05117d596619bcdc747e6cc61378ad121edad8f883",
            "ssdeep": null,
            "size": 152474581,
            "sha512": "8ca7d842f78f08916cc4f1f88855244da01c9ff1baede1aae3775f05de22c19909f2155a537c7ecb4f9ba3da746a4d9d44b6fb5c716a1705a04321b3fe72279d",
            "md5": "551fa42ddf2f1ebc288fbeda9bab7b64"
          },
          "custom": null
        },
        "irma": {
          "status": 0,
          "probes_finished": 14,
          "scan_id": "0260a492-5364-42c3-a5eb-6384fcd794f9",
          "parent_file_sha256": null,
          "name": "e66c34e8f040d22311975d05117d596619bcdc747e6cc61378ad121edad8f883",
          "probes_total": 14,
          "scan_date": 1764674445,
          "other_results": [],
          "probe_results": {
            "antivirus": {
              "G Data Antivirus (Windows)": {
                "status": 0,
                "duration": 11.47,
                "version": "5.5.20197.1358",
                "results": null,
                "virus_database_version": "unavailable"
              },
              "Avast Core Security (Linux)": {
                "status": 0,
                "duration": 8.73,
                "version": "4.6.1",
                "results": null,
                "virus_database_version": "unavailable"
              },
              "C4S ClamAV (Linux)": {
                "status": 0,
                "duration": 0.01,
                "version": "1.4.3",
                "results": null,
                "virus_database_version": "27837"
              },
              "Trend Micro SProtect (Linux)": {
                "status": 0,
                "duration": 7.59,
                "version": "3.0",
                "results": null,
                "virus_database_version": "0x020000400"
              },
              "Trellix (Linux)": {
                "status": 0,
                "duration": 17.7,
                "version": "7.0.4.835",
                "results": null,
                "virus_database_version": "11630"
              },
              "WithSecure (Linux)": {
                "status": 0,
                "duration": 5.55,
                "version": "1.0.44",
                "results": null,
                "virus_database_version": "unavailable"
              },
              "eScan Antivirus (Linux)": {
                "status": 0,
                "duration": 11.01,
                "version": "7.0.21",
                "results": null,
                "virus_database_version": "7.99903 (02/12/2025)"
              },
              "ESET Security (Windows)": {
                "status": 0,
                "duration": 19.42,
                "version": "unavailable",
                "results": null,
                "virus_database_version": "unavailable"
              },
              "Sophos Anti-Virus (Linux)": {
                "status": 0,
                "duration": 4.35,
                "version": "1.1.8.44 (2025-09-04)",
                "results": null,
                "virus_database_version": "unavailable"
              },
              "DrWeb Antivirus (Linux)": {
                "status": 0,
                "duration": 38.78,
                "version": "11.1.16.2406170954",
                "results": null,
                "virus_database_version": "unavailable"
              },
              "ClamAV (Linux)": {
                "status": 0,
                "duration": 0.01,
                "version": "1.4.3",
                "results": null,
                "virus_database_version": "27837"
              },
              "Bitdefender Antivirus (Linux)": {
                "status": 0,
                "duration": 16.01,
                "version": "7.90123",
                "results": null,
                "virus_database_version": null
              },
              "Kaspersky Standard (Windows)": {
                "status": 0,
                "duration": 34.73,
                "version": "21.21",
                "results": null,
                "virus_database_version": "2025-12-01 19:37:00 (full)"
              },
              "Emsisoft Commandline Scanner (Windows)": {
                "status": 0,
                "duration": 12.78,
                "version": "2025.1.0.12641",
                "results": null,
                "virus_database_version": "unavailable"
              }
            }
          },
          "file_infos": {
            "mimetype": "Zip archive data, at least v1.0 to extract",
            "sha1": "bf49fefd464c8d5f09171636cbd756f4f0416cec",
            "tags": [],
            "timestamp_first_scan": 1764674444.52,
            "size": 152474581,
            "timestamp_last_scan": 1764674488.49,
            "sha256": "e66c34e8f040d22311975d05117d596619bcdc747e6cc61378ad121edad8f883",
            "md5": "551fa42ddf2f1ebc288fbeda9bab7b64"
          },
          "submitter": "cli",
          "path": "",
          "result_id": "3ace7a93-e5f1-4d74-8b2f-514d3e1731e7"
        },
        "suricata": {
          "tls": [],
          "files": [],
          "alerts": [],
          "http": [
            {
              "status": "200",
              "timestamp": "2025-12-02T13:19:00.214282+0200",
              "referer": null,
              "content_type": "application/pkix-crl",
              "src_port": 49262,
              "url": "/pki/crl/products/microsoftrootcert.crl",
              "hostname": "crl.microsoft.com",
              "src_ip": "192.168.168.209",
              "length": 767,
              "dst_port": 80,
              "dst_ip": "83.255.218.89",
              "method": "GET",
              "user_agent": "Microsoft-CryptoAPI/6.1"
            },
            {
              "status": "200",
              "timestamp": "2025-12-02T13:19:05.432487+0200",
              "referer": null,
              "content_type": "application/octet-stream",
              "src_port": 49262,
              "url": "/pki/crl/products/MicrosoftTimeStampPCA.crl",
              "hostname": "crl.microsoft.com",
              "src_ip": "192.168.168.209",
              "length": 519,
              "dst_port": 80,
              "dst_ip": "83.255.218.89",
              "method": "GET",
              "user_agent": "Microsoft-CryptoAPI/6.1"
            },
            {
              "status": "200",
              "timestamp": "2025-12-02T13:19:15.261146+0200",
              "referer": null,
              "content_type": "application/octet-stream",
              "src_port": 49262,
              "url": "/pki/crl/products/MicCodSigPCA_08-31-2010.crl",
              "hostname": "crl.microsoft.com",
              "src_ip": "192.168.168.209",
              "length": 564,
              "dst_port": 80,
              "dst_ip": "83.255.218.89",
              "method": "GET",
              "user_agent": "Microsoft-CryptoAPI/6.1"
            },
            {
              "status": "200",
              "timestamp": "2025-12-02T13:19:21.481160+0200",
              "referer": null,
              "content_type": "application/pkix-crl",
              "src_port": 49263,
              "url": "/pca3.crl",
              "hostname": "crl.verisign.com",
              "src_ip": "192.168.168.209",
              "length": 1482,
              "dst_port": 80,
              "dst_ip": "92.123.207.5",
              "method": "GET",
              "user_agent": "Microsoft-CryptoAPI/6.1"
            },
            {
              "status": "200",
              "timestamp": "2025-12-02T13:19:27.042536+0200",
              "referer": null,
              "content_type": "application/ocsp-response",
              "src_port": 49265,
              "url": "/MFEwTzBNMEswSTAJBgUrDgMCGgUABBQ%2FxkCfyHfJr7GQ6M658NRZ4SHo%2FAQUCPVR6Pv%2BPT1kNnxoz1t4qN%2B5xTcCECcNdVyfWsO322H1CZgocHg%3D",
              "hostname": "ocsp.verisign.com",
              "src_ip": "192.168.168.209",
              "length": 5,
              "dst_port": 80,
              "dst_ip": "92.123.207.5",
              "method": "GET",
              "user_agent": "Microsoft-CryptoAPI/6.1"
            }
          ]
        },
        "virustotal": {
          "summary": {
            "error": "resource has not been scanned yet"
          }
        },
        "sysmon": [
          {
            "@xmlns": "http://schemas.microsoft.com/win/2004/08/events/event",
            "System": {
              "Provider": {
                "@Name": "Microsoft-Windows-Sysmon",
                "@Guid": "{5770385F-C22A-43E0-BF4C-06F5698FFBD9}"
              },
              "EventID": "3",
              "Version": "5",
              "Level": "4",
              "Task": "3",
              "Opcode": "0",
              "Keywords": "0x8000000000000000",
              "TimeCreated": {
                "@SystemTime": "2025-12-02T11:19:24.158375000Z"
              },
              "EventRecordID": "9194",
              "Correlation": null,
              "Execution": {
                "@ProcessID": "1232",
                "@ThreadID": "1884"
              },
              "Channel": "Microsoft-Windows-Sysmon/Operational",
              "Computer": "zyDrrzkxqgZ",
              "Security": {
                "@UserID": "S-1-5-18"
              }
            },
            "EventData": {
              "Data": [
                {
                  "@Name": "RuleName"
                },
                {
                  "@Name": "UtcTime",
                  "#text": "2020-06-16 02:08:05.897"
                },
                {
                  "@Name": "ProcessGuid",
                  "#text": "{7EA2F8B5-26A2-5EE8-0000-0010ADE50000}"
                },
                {
                  "@Name": "ProcessId",
                  "#text": "416"
                },
                {
                  "@Name": "Image",
                  "#text": "C:\\Windows\\System32\\svchost.exe"
                },
                {
                  "@Name": "User",
                  "#text": "NT AUTHORITY\\NETWORK SERVICE"
                },
                {
                  "@Name": "Protocol",
                  "#text": "udp"
                },
                {
                  "@Name": "Initiated",
                  "#text": "false"
                },
                {
                  "@Name": "SourceIsIpv6",
                  "#text": "true"
                },
                {
                  "@Name": "SourceIp",
                  "#text": "ff02:0:0:0:0:0:1:3"
                },
                {
                  "@Name": "SourceHostname"
                },
                {
                  "@Name": "SourcePort",
                  "#text": "5355"
                },
                {
                  "@Name": "SourcePortName",
                  "#text": "llmnr"
                },
                {
                  "@Name": "DestinationIsIpv6",
                  "#text": "true"
                },
                {
                  "@Name": "DestinationIp",
                  "#text": "fe80:0:0:0:5d3c:f14f:3703:8222"
                },
                {
                  "@Name": "DestinationHostname",
                  "#text": "zyDrrzkxqgZ"
                },
                {
                  "@Name": "DestinationPort",
                  "#text": "62516"
                },
                {
                  "@Name": "DestinationPortName"
                }
              ]
            }
          },
          {
            "@xmlns": "http://schemas.microsoft.com/win/2004/08/events/event",
            "System": {
              "Provider": {
                "@Name": "Microsoft-Windows-Sysmon",
                "@Guid": "{5770385F-C22A-43E0-BF4C-06F5698FFBD9}"
              },
              "EventID": "3",
              "Version": "5",
              "Level": "4",
              "Task": "3",
              "Opcode": "0",
              "Keywords": "0x8000000000000000",
              "TimeCreated": {
                "@SystemTime": "2025-12-02T11:19:24.158375000Z"
              },
              "EventRecordID": "9193",
              "Correlation": null,
              "Execution": {
                "@ProcessID": "1232",
                "@ThreadID": "1884"
              },
              "Channel": "Microsoft-Windows-Sysmon/Operational",
              "Computer": "zyDrrzkxqgZ",
              "Security": {
                "@UserID": "S-1-5-18"
              }
            },
            "EventData": {
              "Data": [
                {
                  "@Name": "RuleName"
                },
                {
                  "@Name": "UtcTime",
                  "#text": "2020-06-16 02:08:05.859"
                },
                {
                  "@Name": "ProcessGuid",
                  "#text": "{7EA2F8B5-26A3-5EE8-0000-001053300100}"
                },
                {
                  "@Name": "ProcessId",
                  "#text": "1232"
                },
                {
                  "@Name": "Image",
                  "#text": "C:\\Windows\\sysmon.exe"
                },
                {
                  "@Name": "User",
                  "#text": "NT AUTHORITY\\SYSTEM"
                },
                {
                  "@Name": "Protocol",
                  "#text": "tcp"
                },
                {
                  "@Name": "Initiated",
                  "#text": "true"
                },
                {
                  "@Name": "SourceIsIpv6",
                  "#text": "false"
                },
                {
                  "@Name": "SourceIp",
                  "#text": "192.168.168.209"
                },
                {
                  "@Name": "SourceHostname",
                  "#text": "zyDrrzkxqgZ"
                },
                {
                  "@Name": "SourcePort",
                  "#text": "49263"
                },
                {
                  "@Name": "SourcePortName"
                },
                {
                  "@Name": "DestinationIsIpv6",
                  "#text": "false"
                },
                {
                  "@Name": "DestinationIp",
                  "#text": "92.123.207.5"
                },
                {
                  "@Name": "DestinationHostname",
                  "#text": "a92-123-207-5.deploy.static.akamaitechnologies.com"
                },
                {
                  "@Name": "DestinationPort",
                  "#text": "80"
                },
                {
                  "@Name": "DestinationPortName",
                  "#text": "http"
                }
              ]
            }
          },
          {
            "@xmlns": "http://schemas.microsoft.com/win/2004/08/events/event",
            "System": {
              "Provider": {
                "@Name": "Microsoft-Windows-Sysmon",
                "@Guid": "{5770385F-C22A-43E0-BF4C-06F5698FFBD9}"
              },
              "EventID": "3",
              "Version": "5",
              "Level": "4",
              "Task": "3",
              "Opcode": "0",
              "Keywords": "0x8000000000000000",
              "TimeCreated": {
                "@SystemTime": "2025-12-02T11:19:24.158375000Z"
              },
              "EventRecordID": "9192",
              "Correlation": null,
              "Execution": {
                "@ProcessID": "1232",
                "@ThreadID": "1884"
              },
              "Channel": "Microsoft-Windows-Sysmon/Operational",
              "Computer": "zyDrrzkxqgZ",
              "Security": {
                "@UserID": "S-1-5-18"
              }
            },
            "EventData": {
              "Data": [
                {
                  "@Name": "RuleName"
                },
                {
                  "@Name": "UtcTime",
                  "#text": "2020-06-16 02:08:05.547"
                },
                {
                  "@Name": "ProcessGuid",
                  "#text": "{7EA2F8B5-26A4-5EE8-0000-00104A7B0200}"
                },
                {
                  "@Name": "ProcessId",
                  "#text": "648"
                },
                {
                  "@Name": "Image",
                  "#text": "C:\\Python27\\pythonw.exe"
                },
                {
                  "@Name": "User",
                  "#text": "ZYDRRZKXQGZ\\Administrator"
                },
                {
                  "@Name": "Protocol",
                  "#text": "tcp"
                },
                {
                  "@Name": "Initiated",
                  "#text": "false"
                },
                {
                  "@Name": "SourceIsIpv6",
                  "#text": "false"
                },
                {
                  "@Name": "SourceIp",
                  "#text": "192.168.168.209"
                },
                {
                  "@Name": "SourceHostname",
                  "#text": "zyDrrzkxqgZ"
                },
                {
                  "@Name": "SourcePort",
                  "#text": "8000"
                },
                {
                  "@Name": "SourcePortName"
                },
                {
                  "@Name": "DestinationIsIpv6",
                  "#text": "false"
                },
                {
                  "@Name": "DestinationIp",
                  "#text": "192.168.168.1"
                },
                {
                  "@Name": "DestinationHostname"
                },
                {
                  "@Name": "DestinationPort",
                  "#text": "37576"
                },
                {
                  "@Name": "DestinationPortName"
                }
              ]
            }
          },
          {
            "@xmlns": "http://schemas.microsoft.com/win/2004/08/events/event",
            "System": {
              "Provider": {
                "@Name": "Microsoft-Windows-Sysmon",
                "@Guid": "{5770385F-C22A-43E0-BF4C-06F5698FFBD9}"
              },
              "EventID": "3",
              "Version": "5",
              "Level": "4",
              "Task": "3",
              "Opcode": "0",
              "Keywords": "0x8000000000000000",
              "TimeCreated": {
                "@SystemTime": "2025-12-02T11:19:22.158375000Z"
              },
              "EventRecordID": "9191",
              "Correlation": null,
              "Execution": {
                "@ProcessID": "1232",
                "@ThreadID": "1884"
              },
              "Channel": "Microsoft-Windows-Sysmon/Operational",
              "Computer": "zyDrrzkxqgZ",
              "Security": {
                "@UserID": "S-1-5-18"
              }
            },
            "EventData": {
              "Data": [
                {
                  "@Name": "RuleName"
                },
                {
                  "@Name": "UtcTime",
                  "#text": "2020-06-16 02:08:03.263"
                },
                {
                  "@Name": "ProcessGuid",
                  "#text": "{7EA2F8B5-26A2-5EE8-0000-0010ADE50000}"
                },
                {
                  "@Name": "ProcessId",
                  "#text": "416"
                },
                {
                  "@Name": "Image",
                  "#text": "C:\\Windows\\System32\\svchost.exe"
                },
                {
                  "@Name": "User",
                  "#text": "NT AUTHORITY\\NETWORK SERVICE"
                },
                {
                  "@Name": "Protocol",
                  "#text": "udp"
                },
                {
                  "@Name": "Initiated",
                  "#text": "false"
                },
                {
                  "@Name": "SourceIsIpv6",
                  "#text": "true"
                },
                {
                  "@Name": "SourceIp",
                  "#text": "ff02:0:0:0:0:0:1:3"
                },
                {
                  "@Name": "SourceHostname"
                },
                {
                  "@Name": "SourcePort",
                  "#text": "5355"
                },
                {
                  "@Name": "SourcePortName",
                  "#text": "llmnr"
                },
                {
                  "@Name": "DestinationIsIpv6",
                  "#text": "true"
                },
                {
                  "@Name": "DestinationIp",
                  "#text": "fe80:0:0:0:5d3c:f14f:3703:8222"
                },
                {
                  "@Name": "DestinationHostname",
                  "#text": "zyDrrzkxqgZ"
                },
                {
                  "@Name": "DestinationPort",
                  "#text": "55394"
                },
                {
                  "@Name": "DestinationPortName"
                }
              ]
            }
          },
          {
            "@xmlns": "http://schemas.microsoft.com/win/2004/08/events/event",
            "System": {
              "Provider": {
                "@Name": "Microsoft-Windows-Sysmon",
                "@Guid": "{5770385F-C22A-43E0-BF4C-06F5698FFBD9}"
              },
              "EventID": "3",
              "Version": "5",
              "Level": "4",
              "Task": "3",
              "Opcode": "0",
              "Keywords": "0x8000000000000000",
              "TimeCreated": {
                "@SystemTime": "2025-12-02T11:19:20.158375000Z"
              },
              "EventRecordID": "9190",
              "Correlation": null,
              "Execution": {
                "@ProcessID": "1232",
                "@ThreadID": "1884"
              },
              "Channel": "Microsoft-Windows-Sysmon/Operational",
              "Computer": "zyDrrzkxqgZ",
              "Security": {
                "@UserID": "S-1-5-18"
              }
            },
            "EventData": {
              "Data": [
                {
                  "@Name": "RuleName"
                },
                {
                  "@Name": "UtcTime",
                  "#text": "2020-06-16 02:08:02.528"
                },
                {
                  "@Name": "ProcessGuid",
                  "#text": "{7EA2F8B5-26A4-5EE8-0000-00104A7B0200}"
                },
                {
                  "@Name": "ProcessId",
                  "#text": "648"
                },
                {
                  "@Name": "Image",
                  "#text": "C:\\Python27\\pythonw.exe"
                },
                {
                  "@Name": "User",
                  "#text": "ZYDRRZKXQGZ\\Administrator"
                },
                {
                  "@Name": "Protocol",
                  "#text": "tcp"
                },
                {
                  "@Name": "Initiated",
                  "#text": "false"
                },
                {
                  "@Name": "SourceIsIpv6",
                  "#text": "false"
                },
                {
                  "@Name": "SourceIp",
                  "#text": "192.168.168.209"
                },
                {
                  "@Name": "SourceHostname",
                  "#text": "zyDrrzkxqgZ"
                },
                {
                  "@Name": "SourcePort",
                  "#text": "8000"
                },
                {
                  "@Name": "SourcePortName"
                },
                {
                  "@Name": "DestinationIsIpv6",
                  "#text": "false"
                },
                {
                  "@Name": "DestinationIp",
                  "#text": "192.168.168.1"
                },
                {
                  "@Name": "DestinationHostname"
                },
                {
                  "@Name": "DestinationPort",
                  "#text": "37566"
                },
                {
                  "@Name": "DestinationPortName"
                }
              ]
            }
          },
          {
            "@xmlns": "http://schemas.microsoft.com/win/2004/08/events/event",
            "System": {
              "Provider": {
                "@Name": "Microsoft-Windows-Sysmon",
                "@Guid": "{5770385F-C22A-43E0-BF4C-06F5698FFBD9}"
              },
              "EventID": "3",
              "Version": "5",
              "Level": "4",
              "Task": "3",
              "Opcode": "0",
              "Keywords": "0x8000000000000000",
              "TimeCreated": {
                "@SystemTime": "2025-12-02T11:19:20.158375000Z"
              },
              "EventRecordID": "9189",
              "Correlation": null,
              "Execution": {
                "@ProcessID": "1232",
                "@ThreadID": "1884"
              },
              "Channel": "Microsoft-Windows-Sysmon/Operational",
              "Computer": "zyDrrzkxqgZ",
              "Security": {
                "@UserID": "S-1-5-18"
              }
            },
            "EventData": {
              "Data": [
                {
                  "@Name": "RuleName"
                },
                {
                  "@Name": "UtcTime",
                  "#text": "2020-06-16 02:08:00.684"
                },
                {
                  "@Name": "ProcessGuid",
                  "#text": "{7EA2F8B5-26A2-5EE8-0000-0010ADE50000}"
                },
                {
                  "@Name": "ProcessId",
                  "#text": "416"
                },
                {
                  "@Name": "Image",
                  "#text": "C:\\Windows\\System32\\svchost.exe"
                },
                {
                  "@Name": "User",
                  "#text": "NT AUTHORITY\\NETWORK SERVICE"
                },
                {
                  "@Name": "Protocol",
                  "#text": "udp"
                },
                {
                  "@Name": "Initiated",
                  "#text": "false"
                },
                {
                  "@Name": "SourceIsIpv6",
                  "#text": "true"
                },
                {
                  "@Name": "SourceIp",
                  "#text": "ff02:0:0:0:0:0:1:3"
                },
                {
                  "@Name": "SourceHostname"
                },
                {
                  "@Name": "SourcePort",
                  "#text": "5355"
                },
                {
                  "@Name": "SourcePortName",
                  "#text": "llmnr"
                },
                {
                  "@Name": "DestinationIsIpv6",
                  "#text": "true"
                },
                {
                  "@Name": "DestinationIp",
                  "#text": "fe80:0:0:0:5d3c:f14f:3703:8222"
                },
                {
                  "@Name": "DestinationHostname",
                  "#text": "zyDrrzkxqgZ"
                },
                {
                  "@Name": "DestinationPort",
                  "#text": "63996"
                },
                {
                  "@Name": "DestinationPortName"
                }
              ]
            }
          },
          {
            "@xmlns": "http://schemas.microsoft.com/win/2004/08/events/event",
            "System": {
              "Provider": {
                "@Name": "Microsoft-Windows-Sysmon",
                "@Guid": "{5770385F-C22A-43E0-BF4C-06F5698FFBD9}"
              },
              "EventID": "3",
              "Version": "5",
              "Level": "4",
              "Task": "3",
              "Opcode": "0",
              "Keywords": "0x8000000000000000",
              "TimeCreated": {
                "@SystemTime": "2025-12-02T11:19:18.158375000Z"
              },
              "EventRecordID": "9188",
              "Correlation": null,
              "Execution": {
                "@ProcessID": "1232",
                "@ThreadID": "1884"
              },
              "Channel": "Microsoft-Windows-Sysmon/Operational",
              "Computer": "zyDrrzkxqgZ",
              "Security": {
                "@UserID": "S-1-5-18"
              }
            },
            "EventData": {
              "Data": [
                {
                  "@Name": "RuleName"
                },
                {
                  "@Name": "UtcTime",
                  "#text": "2020-06-16 02:07:59.511"
                },
                {
                  "@Name": "ProcessGuid",
                  "#text": "{7EA2F8B5-26A4-5EE8-0000-00104A7B0200}"
                },
                {
                  "@Name": "ProcessId",
                  "#text": "648"
                },
                {
                  "@Name": "Image",
                  "#text": "C:\\Python27\\pythonw.exe"
                },
                {
                  "@Name": "User",
                  "#text": "ZYDRRZKXQGZ\\Administrator"
                },
                {
                  "@Name": "Protocol",
                  "#text": "tcp"
                },
                {
                  "@Name": "Initiated",
                  "#text": "false"
                },
                {
                  "@Name": "SourceIsIpv6",
                  "#text": "false"
                },
                {
                  "@Name": "SourceIp",
                  "#text": "192.168.168.209"
                },
                {
                  "@Name": "SourceHostname",
                  "#text": "zyDrrzkxqgZ"
                },
                {
                  "@Name": "SourcePort",
                  "#text": "8000"
                },
                {
                  "@Name": "SourcePortName"
                },
                {
                  "@Name": "DestinationIsIpv6",
                  "#text": "false"
                },
                {
                  "@Name": "DestinationIp",
                  "#text": "192.168.168.1"
                },
                {
                  "@Name": "DestinationHostname"
                },
                {
                  "@Name": "DestinationPort",
                  "#text": "59652"
                },
                {
                  "@Name": "DestinationPortName"
                }
              ]
            }
          },
          {
            "@xmlns": "http://schemas.microsoft.com/win/2004/08/events/event",
            "System": {
              "Provider": {
                "@Name": "Microsoft-Windows-Sysmon",
                "@Guid": "{5770385F-C22A-43E0-BF4C-06F5698FFBD9}"
              },
              "EventID": "3",
              "Version": "5",
              "Level": "4",
              "Task": "3",
              "Opcode": "0",
              "Keywords": "0x8000000000000000",
              "TimeCreated": {
                "@SystemTime": "2025-12-02T11:19:16.158375000Z"
              },
              "EventRecordID": "9187",
              "Correlation": null,
              "Execution": {
                "@ProcessID": "1232",
                "@ThreadID": "1884"
              },
              "Channel": "Microsoft-Windows-Sysmon/Operational",
              "Computer": "zyDrrzkxqgZ",
              "Security": {
                "@UserID": "S-1-5-18"
              }
            },
            "EventData": {
              "Data": [
                {
                  "@Name": "RuleName"
                },
                {
                  "@Name": "UtcTime",
                  "#text": "2020-06-16 02:07:56.872"
                },
                {
                  "@Name": "ProcessGuid",
                  "#text": "{7EA2F8B5-26A2-5EE8-0000-0010ADE50000}"
                },
                {
                  "@Name": "ProcessId",
                  "#text": "416"
                },
                {
                  "@Name": "Image",
                  "#text": "C:\\Windows\\System32\\svchost.exe"
                },
                {
                  "@Name": "User",
                  "#text": "NT AUTHORITY\\NETWORK SERVICE"
                },
                {
                  "@Name": "Protocol",
                  "#text": "udp"
                },
                {
                  "@Name": "Initiated",
                  "#text": "false"
                },
                {
                  "@Name": "SourceIsIpv6",
                  "#text": "true"
                },
                {
                  "@Name": "SourceIp",
                  "#text": "ff02:0:0:0:0:0:1:3"
                },
                {
                  "@Name": "SourceHostname"
                },
                {
                  "@Name": "SourcePort",
                  "#text": "5355"
                },
                {
                  "@Name": "SourcePortName",
                  "#text": "llmnr"
                },
                {
                  "@Name": "DestinationIsIpv6",
                  "#text": "true"
                },
                {
                  "@Name": "DestinationIp",
                  "#text": "fe80:0:0:0:5d3c:f14f:3703:8222"
                },
                {
                  "@Name": "DestinationHostname",
                  "#text": "zyDrrzkxqgZ"
                },
                {
                  "@Name": "DestinationPort",
                  "#text": "49867"
                },
                {
                  "@Name": "DestinationPortName"
                }
              ]
            }
          },
          {
            "@xmlns": "http://schemas.microsoft.com/win/2004/08/events/event",
            "System": {
              "Provider": {
                "@Name": "Microsoft-Windows-Sysmon",
                "@Guid": "{5770385F-C22A-43E0-BF4C-06F5698FFBD9}"
              },
              "EventID": "3",
              "Version": "5",
              "Level": "4",
              "Task": "3",
              "Opcode": "0",
              "Keywords": "0x8000000000000000",
              "TimeCreated": {
                "@SystemTime": "2025-12-02T11:19:16.158375000Z"
              },
              "EventRecordID": "9186",
              "Correlation": null,
              "Execution": {
                "@ProcessID": "1232",
                "@ThreadID": "1884"
              },
              "Channel": "Microsoft-Windows-Sysmon/Operational",
              "Computer": "zyDrrzkxqgZ",
              "Security": {
                "@UserID": "S-1-5-18"
              }
            },
            "EventData": {
              "Data": [
                {
                  "@Name": "RuleName"
                },
                {
                  "@Name": "UtcTime",
                  "#text": "2020-06-16 02:07:56.494"
                },
                {
                  "@Name": "ProcessGuid",
                  "#text": "{7EA2F8B5-26A4-5EE8-0000-00104A7B0200}"
                },
                {
                  "@Name": "ProcessId",
                  "#text": "648"
                },
                {
                  "@Name": "Image",
                  "#text": "C:\\Python27\\pythonw.exe"
                },
                {
                  "@Name": "User",
                  "#text": "ZYDRRZKXQGZ\\Administrator"
                },
                {
                  "@Name": "Protocol",
                  "#text": "tcp"
                },
                {
                  "@Name": "Initiated",
                  "#text": "false"
                },
                {
                  "@Name": "SourceIsIpv6",
                  "#text": "false"
                },
                {
                  "@Name": "SourceIp",
                  "#text": "192.168.168.209"
                },
                {
                  "@Name": "SourceHostname",
                  "#text": "zyDrrzkxqgZ"
                },
                {
                  "@Name": "SourcePort",
                  "#text": "8000"
                },
                {
                  "@Name": "SourcePortName"
                },
                {
                  "@Name": "DestinationIsIpv6",
                  "#text": "false"
                },
                {
                  "@Name": "DestinationIp",
                  "#text": "192.168.168.1"
                },
                {
                  "@Name": "DestinationHostname"
                },
                {
                  "@Name": "DestinationPort",
                  "#text": "59636"
                },
                {
                  "@Name": "DestinationPortName"
                }
              ]
            }
          },
          {
            "@xmlns": "http://schemas.microsoft.com/win/2004/08/events/event",
            "System": {
              "Provider": {
                "@Name": "Microsoft-Windows-Sysmon",
                "@Guid": "{5770385F-C22A-43E0-BF4C-06F5698FFBD9}"
              },
              "EventID": "3",
              "Version": "5",
              "Level": "4",
              "Task": "3",
              "Opcode": "0",
              "Keywords": "0x8000000000000000",
              "TimeCreated": {
                "@SystemTime": "2025-12-02T11:19:12.158375000Z"
              },
              "EventRecordID": "9185",
              "Correlation": null,
              "Execution": {
                "@ProcessID": "1232",
                "@ThreadID": "1884"
              },
              "Channel": "Microsoft-Windows-Sysmon/Operational",
              "Computer": "zyDrrzkxqgZ",
              "Security": {
                "@UserID": "S-1-5-18"
              }
            },
            "EventData": {
              "Data": [
                {
                  "@Name": "RuleName"
                },
                {
                  "@Name": "UtcTime",
                  "#text": "2020-06-16 02:07:54.299"
                },
                {
                  "@Name": "ProcessGuid",
                  "#text": "{7EA2F8B5-26A2-5EE8-0000-0010ADE50000}"
                },
                {
                  "@Name": "ProcessId",
                  "#text": "416"
                },
                {
                  "@Name": "Image",
                  "#text": "C:\\Windows\\System32\\svchost.exe"
                },
                {
                  "@Name": "User",
                  "#text": "NT AUTHORITY\\NETWORK SERVICE"
                },
                {
                  "@Name": "Protocol",
                  "#text": "udp"
                },
                {
                  "@Name": "Initiated",
                  "#text": "false"
                },
                {
                  "@Name": "SourceIsIpv6",
                  "#text": "true"
                },
                {
                  "@Name": "SourceIp",
                  "#text": "ff02:0:0:0:0:0:1:3"
                },
                {
                  "@Name": "SourceHostname"
                },
                {
                  "@Name": "SourcePort",
                  "#text": "5355"
                },
                {
                  "@Name": "SourcePortName",
                  "#text": "llmnr"
                },
                {
                  "@Name": "DestinationIsIpv6",
                  "#text": "true"
                },
                {
                  "@Name": "DestinationIp",
                  "#text": "fe80:0:0:0:5d3c:f14f:3703:8222"
                },
                {
                  "@Name": "DestinationHostname",
                  "#text": "zyDrrzkxqgZ"
                },
                {
                  "@Name": "DestinationPort",
                  "#text": "50068"
                },
                {
                  "@Name": "DestinationPortName"
                }
              ]
            }
          },
          {
            "@xmlns": "http://schemas.microsoft.com/win/2004/08/events/event",
            "System": {
              "Provider": {
                "@Name": "Microsoft-Windows-Sysmon",
                "@Guid": "{5770385F-C22A-43E0-BF4C-06F5698FFBD9}"
              },
              "EventID": "3",
              "Version": "5",
              "Level": "4",
              "Task": "3",
              "Opcode": "0",
              "Keywords": "0x8000000000000000",
              "TimeCreated": {
                "@SystemTime": "2025-12-02T11:19:12.158375000Z"
              },
              "EventRecordID": "9184",
              "Correlation": null,
              "Execution": {
                "@ProcessID": "1232",
                "@ThreadID": "1884"
              },
              "Channel": "Microsoft-Windows-Sysmon/Operational",
              "Computer": "zyDrrzkxqgZ",
              "Security": {
                "@UserID": "S-1-5-18"
              }
            },
            "EventData": {
              "Data": [
                {
                  "@Name": "RuleName"
                },
                {
                  "@Name": "UtcTime",
                  "#text": "2020-06-16 02:07:53.475"
                },
                {
                  "@Name": "ProcessGuid",
                  "#text": "{7EA2F8B5-26A4-5EE8-0000-00104A7B0200}"
                },
                {
                  "@Name": "ProcessId",
                  "#text": "648"
                },
                {
                  "@Name": "Image",
                  "#text": "C:\\Python27\\pythonw.exe"
                },
                {
                  "@Name": "User",
                  "#text": "ZYDRRZKXQGZ\\Administrator"
                },
                {
                  "@Name": "Protocol",
                  "#text": "tcp"
                },
                {
                  "@Name": "Initiated",
                  "#text": "false"
                },
                {
                  "@Name": "SourceIsIpv6",
                  "#text": "false"
                },
                {
                  "@Name": "SourceIp",
                  "#text": "192.168.168.209"
                },
                {
                  "@Name": "SourceHostname",
                  "#text": "zyDrrzkxqgZ"
                },
                {
                  "@Name": "SourcePort",
                  "#text": "8000"
                },
                {
                  "@Name": "SourcePortName"
                },
                {
                  "@Name": "DestinationIsIpv6",
                  "#text": "false"
                },
                {
                  "@Name": "DestinationIp",
                  "#text": "192.168.168.1"
                },
                {
                  "@Name": "DestinationHostname"
                },
                {
                  "@Name": "DestinationPort",
                  "#text": "59624"
                },
                {
                  "@Name": "DestinationPortName"
                }
              ]
            }
          },
