          {
            "@xmlns": "http://schemas.microsoft.com/win/2004/08/events/event",
            "System": {
              "Provider": {
                "@Name": "Microsoft-Windows-Sysmon",
                "@Guid": "{5770385F-C22A-43E0-BF4C-06F5698FFBD9}"
              },
              "EventID": "3",
              "Version": "5",
              "Level": "4",
              "Task": "3",
              "Opcode": "0",
              "Keywords": "0x8000000000000000",
              "TimeCreated": {
                "@SystemTime": "2025-12-02T11:18:21.640625000Z"
              },
              "EventRecordID": "9167",
              "Correlation": null,
              "Execution": {
                "@ProcessID": "1232",
                "@ThreadID": "1884"
              },
              "Channel": "Microsoft-Windows-Sysmon/Operational",
              "Computer": "zyDrrzkxqgZ",
              "Security": {
                "@UserID": "S-1-5-18"
              }
            },
            "EventData": {
              "Data": [
                {
                  "@Name": "RuleName"
                },
                {
                  "@Name": "UtcTime",
                  "#text": "2020-06-16 02:07:40.993"
                },
                {
                  "@Name": "ProcessGuid",
                  "#text": "{7EA2F8B5-2969-5EE8-0000-0010E0142701}"
                },
                {
                  "@Name": "ProcessId",
                  "#text": "2068"
                },
                {
                  "@Name": "Image",
                  "#text": "C:\\Python27\\pythonw.exe"
                },
                {
                  "@Name": "User",
                  "#text": "ZYDRRZKXQGZ\\Administrator"
                },
                {
                  "@Name": "Protocol",
                  "#text": "tcp"
                },
                {
                  "@Name": "Initiated",
                  "#text": "true"
                },
                {
                  "@Name": "SourceIsIpv6",
                  "#text": "false"
                },
                {
                  "@Name": "SourceIp",
                  "#text": "192.168.168.209"
                },
                {
                  "@Name": "SourceHostname",
                  "#text": "zyDrrzkxqgZ"
                },
                {
                  "@Name": "SourcePort",
                  "#text": "49259"
                },
                {
                  "@Name": "SourcePortName"
                },
                {
                  "@Name": "DestinationIsIpv6",
                  "#text": "false"
                },
                {
                  "@Name": "DestinationIp",
                  "#text": "192.168.168.1"
                },
                {
                  "@Name": "DestinationHostname"
                },
                {
                  "@Name": "DestinationPort",
                  "#text": "39155"
                },
                {
                  "@Name": "DestinationPortName"
                }
              ]
            }
          },
          {
            "@xmlns": "http://schemas.microsoft.com/win/2004/08/events/event",
            "System": {
              "Provider": {
                "@Name": "Microsoft-Windows-Sysmon",
                "@Guid": "{5770385F-C22A-43E0-BF4C-06F5698FFBD9}"
              },
              "EventID": "3",
              "Version": "5",
              "Level": "4",
              "Task": "3",
              "Opcode": "0",
              "Keywords": "0x8000000000000000",
              "TimeCreated": {
                "@SystemTime": "2025-12-02T11:18:19.640625000Z"
              },
              "EventRecordID": "9166",
              "Correlation": null,
              "Execution": {
                "@ProcessID": "1232",
                "@ThreadID": "1884"
              },
              "Channel": "Microsoft-Windows-Sysmon/Operational",
              "Computer": "zyDrrzkxqgZ",
              "Security": {
                "@UserID": "S-1-5-18"
              }
            },
            "EventData": {
              "Data": [
                {
                  "@Name": "RuleName"
                },
                {
                  "@Name": "UtcTime",
                  "#text": "2020-06-16 02:07:39.712"
                },
                {
                  "@Name": "ProcessGuid",
                  "#text": "{7EA2F8B5-2969-5EE8-0000-0010E0142701}"
                },
                {
                  "@Name": "ProcessId",
                  "#text": "2068"
                },
                {
                  "@Name": "Image",
                  "#text": "C:\\Python27\\pythonw.exe"
                },
                {
                  "@Name": "User",
                  "#text": "ZYDRRZKXQGZ\\Administrator"
                },
                {
                  "@Name": "Protocol",
                  "#text": "tcp"
                },
                {
                  "@Name": "Initiated",
                  "#text": "true"
                },
                {
                  "@Name": "SourceIsIpv6",
                  "#text": "false"
                },
                {
                  "@Name": "SourceIp",
                  "#text": "192.168.168.209"
                },
                {
                  "@Name": "SourceHostname",
                  "#text": "zyDrrzkxqgZ"
                },
                {
                  "@Name": "SourcePort",
                  "#text": "49258"
                },
                {
                  "@Name": "SourcePortName"
                },
                {
                  "@Name": "DestinationIsIpv6",
                  "#text": "false"
                },
                {
                  "@Name": "DestinationIp",
                  "#text": "192.168.168.1"
                },
                {
                  "@Name": "DestinationHostname"
                },
                {
                  "@Name": "DestinationPort",
                  "#text": "39155"
                },
                {
                  "@Name": "DestinationPortName"
                }
              ]
            }
          },
          {
            "@xmlns": "http://schemas.microsoft.com/win/2004/08/events/event",
            "System": {
              "Provider": {
                "@Name": "Microsoft-Windows-Sysmon",
                "@Guid": "{5770385F-C22A-43E0-BF4C-06F5698FFBD9}"
              },
              "EventID": "1",
              "Version": "5",
              "Level": "4",
              "Task": "1",
              "Opcode": "0",
              "Keywords": "0x8000000000000000",
              "TimeCreated": {
                "@SystemTime": "2025-12-02T11:18:18.015625000Z"
              },
              "EventRecordID": "9165",
              "Correlation": null,
              "Execution": {
                "@ProcessID": "1232",
                "@ThreadID": "1872"
              },
              "Channel": "Microsoft-Windows-Sysmon/Operational",
              "Computer": "zyDrrzkxqgZ",
              "Security": {
                "@UserID": "S-1-5-18"
              }
            },
            "EventData": {
              "Data": [
                {
                  "@Name": "RuleName"
                },
                {
                  "@Name": "UtcTime",
                  "#text": "2020-06-16 02:07:01.385"
                },
                {
                  "@Name": "ProcessGuid",
                  "#text": "{7EA2F8B5-2945-5EE8-0000-0010F3E81A01}"
                },
                {
                  "@Name": "ProcessId",
                  "#text": "2756"
                },
                {
                  "@Name": "Image",
                  "#text": "C:\\Program Files (x86)\\Internet Explorer\\iexplore.exe"
                },
                {
                  "@Name": "FileVersion",
                  "#text": "11.00.9600.16428 (winblue_gdr.131013-1700)"
                },
                {
                  "@Name": "Description",
                  "#text": "Internet Explorer"
                },
                {
                  "@Name": "Product",
                  "#text": "Internet Explorer"
                },
                {
                  "@Name": "Company",
                  "#text": "Microsoft Corporation"
                },
                {
                  "@Name": "CommandLine",
                  "#text": "\"C:\\Program Files (x86)\\Internet Explorer\\IEXPLORE.EXE\" SCODEF:2644 CREDAT:275457 /prefetch:2"
                },
                {
                  "@Name": "CurrentDirectory",
                  "#text": "C:\\Users\\Administrator\\Desktop\\"
                },
                {
                  "@Name": "User",
                  "#text": "ZYDRRZKXQGZ\\Administrator"
                },
                {
                  "@Name": "LogonGuid",
                  "#text": "{7EA2F8B5-26A3-5EE8-0000-0020662D0100}"
                },
                {
                  "@Name": "LogonId",
                  "#text": "0x12d66"
                },
                {
                  "@Name": "TerminalSessionId",
                  "#text": "1"
                },
                {
                  "@Name": "IntegrityLevel",
                  "#text": "High"
                },
                {
                  "@Name": "Hashes",
                  "#text": "SHA1=EF08E68AF5B52C468A905A016DDBFB7C5B0A62E6"
                },
                {
                  "@Name": "ParentProcessGuid",
                  "#text": "{7EA2F8B5-2945-5EE8-0000-00107DB81A01}"
                },
                {
                  "@Name": "ParentProcessId",
                  "#text": "2644"
                },
                {
                  "@Name": "ParentImage",
                  "#text": "C:\\Program Files\\Internet Explorer\\iexplore.exe"
                },
                {
                  "@Name": "ParentCommandLine",
                  "#text": "\"C:\\Program Files\\Internet Explorer\\iexplore.exe\""
                }
              ]
            }
          },
          {
            "@xmlns": "http://schemas.microsoft.com/win/2004/08/events/event",
            "System": {
              "Provider": {
                "@Name": "Microsoft-Windows-Sysmon",
                "@Guid": "{5770385F-C22A-43E0-BF4C-06F5698FFBD9}"
              },
              "EventID": "3",
              "Version": "5",
              "Level": "4",
              "Task": "3",
              "Opcode": "0",
              "Keywords": "0x8000000000000000",
              "TimeCreated": {
                "@SystemTime": "2025-12-02T11:18:17.640625000Z"
              },
              "EventRecordID": "9164",
              "Correlation": null,
              "Execution": {
                "@ProcessID": "1232",
                "@ThreadID": "1884"
              },
              "Channel": "Microsoft-Windows-Sysmon/Operational",
              "Computer": "zyDrrzkxqgZ",
              "Security": {
                "@UserID": "S-1-5-18"
              }
            },
            "EventData": {
              "Data": [
                {
                  "@Name": "RuleName"
                },
                {
                  "@Name": "UtcTime",
                  "#text": "2020-06-16 02:07:39.538"
                },
                {
                  "@Name": "ProcessGuid",
                  "#text": "{7EA2F8B5-26A2-5EE8-0000-0010ADE50000}"
                },
                {
                  "@Name": "ProcessId",
                  "#text": "416"
                },
                {
                  "@Name": "Image",
                  "#text": "C:\\Windows\\System32\\svchost.exe"
                },
                {
                  "@Name": "User",
                  "#text": "NT AUTHORITY\\NETWORK SERVICE"
                },
                {
                  "@Name": "Protocol",
                  "#text": "udp"
                },
                {
                  "@Name": "Initiated",
                  "#text": "true"
                },
                {
                  "@Name": "SourceIsIpv6",
                  "#text": "false"
                },
                {
                  "@Name": "SourceIp",
                  "#text": "192.168.168.209"
                },
                {
                  "@Name": "SourceHostname",
                  "#text": "zyDrrzkxqgZ"
                },
                {
                  "@Name": "SourcePort",
                  "#text": "50329"
                },
                {
                  "@Name": "SourcePortName"
                },
                {
                  "@Name": "DestinationIsIpv6",
                  "#text": "false"
                },
                {
                  "@Name": "DestinationIp",
                  "#text": "8.8.8.8"
                },
                {
                  "@Name": "DestinationHostname",
                  "#text": "dns.google"
                },
                {
                  "@Name": "DestinationPort",
                  "#text": "53"
                },
                {
                  "@Name": "DestinationPortName",
                  "#text": "domain"
                }
              ]
            }
          },
          {
            "@xmlns": "http://schemas.microsoft.com/win/2004/08/events/event",
            "System": {
              "Provider": {
                "@Name": "Microsoft-Windows-Sysmon",
                "@Guid": "{5770385F-C22A-43E0-BF4C-06F5698FFBD9}"
              },
              "EventID": "3",
              "Version": "5",
              "Level": "4",
              "Task": "3",
              "Opcode": "0",
              "Keywords": "0x8000000000000000",
              "TimeCreated": {
                "@SystemTime": "2025-12-02T11:18:17.640625000Z"
              },
              "EventRecordID": "9163",
              "Correlation": null,
              "Execution": {
                "@ProcessID": "1232",
                "@ThreadID": "1884"
              },
              "Channel": "Microsoft-Windows-Sysmon/Operational",
              "Computer": "zyDrrzkxqgZ",
              "Security": {
                "@UserID": "S-1-5-18"
              }
            },
            "EventData": {
              "Data": [
                {
                  "@Name": "RuleName"
                },
                {
                  "@Name": "UtcTime",
                  "#text": "2020-06-16 02:07:39.180"
                },
                {
                  "@Name": "ProcessGuid",
                  "#text": "{7EA2F8B5-26A2-5EE8-0000-0010ADE50000}"
                },
                {
                  "@Name": "ProcessId",
                  "#text": "416"
                },
                {
                  "@Name": "Image",
                  "#text": "C:\\Windows\\System32\\svchost.exe"
                },
                {
                  "@Name": "User",
                  "#text": "NT AUTHORITY\\NETWORK SERVICE"
                },
                {
                  "@Name": "Protocol",
                  "#text": "udp"
                },
                {
                  "@Name": "Initiated",
                  "#text": "true"
                },
                {
                  "@Name": "SourceIsIpv6",
                  "#text": "false"
                },
                {
                  "@Name": "SourceIp",
                  "#text": "192.168.168.209"
                },
                {
                  "@Name": "SourceHostname",
                  "#text": "zyDrrzkxqgZ"
                },
                {
                  "@Name": "SourcePort",
                  "#text": "57715"
                },
                {
                  "@Name": "SourcePortName"
                },
                {
                  "@Name": "DestinationIsIpv6",
                  "#text": "false"
                },
                {
                  "@Name": "DestinationIp",
                  "#text": "224.0.0.252"
                },
                {
                  "@Name": "DestinationHostname"
                },
                {
                  "@Name": "DestinationPort",
                  "#text": "5355"
                },
                {
                  "@Name": "DestinationPortName",
                  "#text": "llmnr"
                }
              ]
            }
          },
          {
            "@xmlns": "http://schemas.microsoft.com/win/2004/08/events/event",
            "System": {
              "Provider": {
                "@Name": "Microsoft-Windows-Sysmon",
                "@Guid": "{5770385F-C22A-43E0-BF4C-06F5698FFBD9}"
              },
              "EventID": "3",
              "Version": "5",
              "Level": "4",
              "Task": "3",
              "Opcode": "0",
              "Keywords": "0x8000000000000000",
              "TimeCreated": {
                "@SystemTime": "2025-12-02T11:18:17.640625000Z"
              },
              "EventRecordID": "9162",
              "Correlation": null,
              "Execution": {
                "@ProcessID": "1232",
                "@ThreadID": "1884"
              },
              "Channel": "Microsoft-Windows-Sysmon/Operational",
              "Computer": "zyDrrzkxqgZ",
              "Security": {
                "@UserID": "S-1-5-18"
              }
            },
            "EventData": {
              "Data": [
                {
                  "@Name": "RuleName"
                },
                {
                  "@Name": "UtcTime",
                  "#text": "2020-06-16 02:07:39.180"
                },
                {
                  "@Name": "ProcessGuid",
                  "#text": "{7EA2F8B5-26A2-5EE8-0000-0010ADE50000}"
                },
                {
                  "@Name": "ProcessId",
                  "#text": "416"
                },
                {
                  "@Name": "Image",
                  "#text": "C:\\Windows\\System32\\svchost.exe"
                },
                {
                  "@Name": "User",
                  "#text": "NT AUTHORITY\\NETWORK SERVICE"
                },
                {
                  "@Name": "Protocol",
                  "#text": "udp"
                },
                {
                  "@Name": "Initiated",
                  "#text": "false"
                },
                {
                  "@Name": "SourceIsIpv6",
                  "#text": "true"
                },
                {
                  "@Name": "SourceIp",
                  "#text": "ff02:0:0:0:0:0:1:3"
                },
                {
                  "@Name": "SourceHostname"
                },
                {
                  "@Name": "SourcePort",
                  "#text": "5355"
                },
                {
                  "@Name": "SourcePortName",
                  "#text": "llmnr"
                },
                {
                  "@Name": "DestinationIsIpv6",
                  "#text": "true"
                },
                {
                  "@Name": "DestinationIp",
                  "#text": "fe80:0:0:0:5d3c:f14f:3703:8222"
                },
                {
                  "@Name": "DestinationHostname",
                  "#text": "zyDrrzkxqgZ"
                },
                {
                  "@Name": "DestinationPort",
                  "#text": "50325"
                },
                {
                  "@Name": "DestinationPortName"
                }
              ]
            }
          },
          {
            "@xmlns": "http://schemas.microsoft.com/win/2004/08/events/event",
            "System": {
              "Provider": {
                "@Name": "Microsoft-Windows-Sysmon",
                "@Guid": "{5770385F-C22A-43E0-BF4C-06F5698FFBD9}"
              },
              "EventID": "3",
              "Version": "5",
              "Level": "4",
              "Task": "3",
              "Opcode": "0",
              "Keywords": "0x8000000000000000",
              "TimeCreated": {
                "@SystemTime": "2025-12-02T11:18:17.640625000Z"
              },
              "EventRecordID": "9161",
              "Correlation": null,
              "Execution": {
                "@ProcessID": "1232",
                "@ThreadID": "1884"
              },
              "Channel": "Microsoft-Windows-Sysmon/Operational",
              "Computer": "zyDrrzkxqgZ",
              "Security": {
                "@UserID": "S-1-5-18"
              }
            },
            "EventData": {
              "Data": [
                {
                  "@Name": "RuleName"
                },
                {
                  "@Name": "UtcTime",
                  "#text": "2020-06-16 02:07:38.881"
                },
                {
                  "@Name": "ProcessGuid",
                  "#text": "{7EA2F8B5-2969-5EE8-0000-0010E0142701}"
                },
                {
                  "@Name": "ProcessId",
                  "#text": "2068"
                },
                {
                  "@Name": "Image",
                  "#text": "C:\\Python27\\pythonw.exe"
                },
                {
                  "@Name": "User",
                  "#text": "ZYDRRZKXQGZ\\Administrator"
                },
                {
                  "@Name": "Protocol",
                  "#text": "tcp"
                },
                {
                  "@Name": "Initiated",
                  "#text": "true"
                },
                {
                  "@Name": "SourceIsIpv6",
                  "#text": "false"
                },
                {
                  "@Name": "SourceIp",
                  "#text": "192.168.168.209"
                },
                {
                  "@Name": "SourceHostname",
                  "#text": "zyDrrzkxqgZ"
                },
                {
                  "@Name": "SourcePort",
                  "#text": "49257"
                },
                {
                  "@Name": "SourcePortName"
                },
                {
                  "@Name": "DestinationIsIpv6",
                  "#text": "false"
                },
                {
                  "@Name": "DestinationIp",
                  "#text": "192.168.168.1"
                },
                {
                  "@Name": "DestinationHostname"
                },
                {
                  "@Name": "DestinationPort",
                  "#text": "39155"
                },
                {
                  "@Name": "DestinationPortName"
                }
              ]
            }
          },
          {
            "@xmlns": "http://schemas.microsoft.com/win/2004/08/events/event",
            "System": {
              "Provider": {
                "@Name": "Microsoft-Windows-Sysmon",
                "@Guid": "{5770385F-C22A-43E0-BF4C-06F5698FFBD9}"
              },
              "EventID": "3",
              "Version": "5",
              "Level": "4",
              "Task": "3",
              "Opcode": "0",
              "Keywords": "0x8000000000000000",
              "TimeCreated": {
                "@SystemTime": "2025-12-02T11:18:17.640625000Z"
              },
              "EventRecordID": "9160",
              "Correlation": null,
              "Execution": {
                "@ProcessID": "1232",
                "@ThreadID": "1884"
              },
              "Channel": "Microsoft-Windows-Sysmon/Operational",
              "Computer": "zyDrrzkxqgZ",
              "Security": {
                "@UserID": "S-1-5-18"
              }
            },
            "EventData": {
              "Data": [
                {
                  "@Name": "RuleName"
                },
                {
                  "@Name": "UtcTime",
                  "#text": "2020-06-16 02:07:38.805"
                },
                {
                  "@Name": "ProcessGuid",
                  "#text": "{7EA2F8B5-269C-5EE8-0000-0010EB030000}"
                },
                {
                  "@Name": "ProcessId",
                  "#text": "4"
                },
                {
                  "@Name": "Image",
                  "#text": "System"
                },
                {
                  "@Name": "User",
                  "#text": "NT AUTHORITY\\SYSTEM"
                },
                {
                  "@Name": "Protocol",
                  "#text": "udp"
                },
                {
                  "@Name": "Initiated",
                  "#text": "false"
                },
                {
                  "@Name": "SourceIsIpv6",
                  "#text": "false"
                },
                {
                  "@Name": "SourceIp",
                  "#text": "192.168.168.255"
                },
                {
                  "@Name": "SourceHostname"
                },
                {
                  "@Name": "SourcePort",
                  "#text": "138"
                },
                {
                  "@Name": "SourcePortName",
                  "#text": "netbios-dgm"
                },
                {
                  "@Name": "DestinationIsIpv6",
                  "#text": "false"
                },
                {
                  "@Name": "DestinationIp",
                  "#text": "192.168.168.209"
                },
                {
                  "@Name": "DestinationHostname",
                  "#text": "zyDrrzkxqgZ"
                },
                {
                  "@Name": "DestinationPort",
                  "#text": "138"
                },
                {
                  "@Name": "DestinationPortName",
                  "#text": "netbios-dgm"
                }
              ]
            }
          },
          {
            "@xmlns": "http://schemas.microsoft.com/win/2004/08/events/event",
            "System": {
              "Provider": {
                "@Name": "Microsoft-Windows-Sysmon",
                "@Guid": "{5770385F-C22A-43E0-BF4C-06F5698FFBD9}"
              },
              "EventID": "3",
              "Version": "5",
              "Level": "4",
              "Task": "3",
              "Opcode": "0",
              "Keywords": "0x8000000000000000",
              "TimeCreated": {
                "@SystemTime": "2025-12-02T11:18:17.640625000Z"
              },
              "EventRecordID": "9159",
              "Correlation": null,
              "Execution": {
                "@ProcessID": "1232",
                "@ThreadID": "1884"
              },
              "Channel": "Microsoft-Windows-Sysmon/Operational",
              "Computer": "zyDrrzkxqgZ",
              "Security": {
                "@UserID": "S-1-5-18"
              }
            },
            "EventData": {
              "Data": [
                {
                  "@Name": "RuleName"
                },
                {
                  "@Name": "UtcTime",
                  "#text": "2020-06-16 02:07:38.805"
                },
                {
                  "@Name": "ProcessGuid",
                  "#text": "{7EA2F8B5-269C-5EE8-0000-0010EB030000}"
                },
                {
                  "@Name": "ProcessId",
                  "#text": "4"
                },
                {
                  "@Name": "Image",
                  "#text": "System"
                },
                {
                  "@Name": "User",
                  "#text": "NT AUTHORITY\\SYSTEM"
                },
                {
                  "@Name": "Protocol",
                  "#text": "udp"
                },
                {
                  "@Name": "Initiated",
                  "#text": "true"
                },
                {
                  "@Name": "SourceIsIpv6",
                  "#text": "false"
                },
                {
                  "@Name": "SourceIp",
                  "#text": "192.168.168.209"
                },
                {
                  "@Name": "SourceHostname",
                  "#text": "zyDrrzkxqgZ"
                },
                {
                  "@Name": "SourcePort",
                  "#text": "138"
                },
                {
                  "@Name": "SourcePortName",
                  "#text": "netbios-dgm"
                },
                {
                  "@Name": "DestinationIsIpv6",
                  "#text": "false"
                },
                {
                  "@Name": "DestinationIp",
                  "#text": "192.168.168.255"
                },
                {
                  "@Name": "DestinationHostname"
                },
                {
                  "@Name": "DestinationPort",
                  "#text": "138"
                },
                {
                  "@Name": "DestinationPortName",
                  "#text": "netbios-dgm"
                }
              ]
            }
          },
          {
            "@xmlns": "http://schemas.microsoft.com/win/2004/08/events/event",
            "System": {
              "Provider": {
                "@Name": "Microsoft-Windows-Sysmon",
                "@Guid": "{5770385F-C22A-43E0-BF4C-06F5698FFBD9}"
              },
              "EventID": "3",
              "Version": "5",
              "Level": "4",
              "Task": "3",
              "Opcode": "0",
              "Keywords": "0x8000000000000000",
              "TimeCreated": {
                "@SystemTime": "2025-12-02T11:18:17.640625000Z"
              },
              "EventRecordID": "9158",
              "Correlation": null,
              "Execution": {
                "@ProcessID": "1232",
                "@ThreadID": "1884"
              },
              "Channel": "Microsoft-Windows-Sysmon/Operational",
              "Computer": "zyDrrzkxqgZ",
              "Security": {
                "@UserID": "S-1-5-18"
              }
            },
            "EventData": {
              "Data": [
                {
                  "@Name": "RuleName"
                },
                {
                  "@Name": "UtcTime",
                  "#text": "2020-06-16 02:07:38.539"
                },
                {
                  "@Name": "ProcessGuid",
                  "#text": "{7EA2F8B5-271B-5EE8-0000-0010589A3100}"
                },
                {
                  "@Name": "ProcessId",
                  "#text": "2576"
                },
                {
                  "@Name": "Image",
                  "#text": "C:\\Windows\\System32\\svchost.exe"
                },
                {
                  "@Name": "User",
                  "#text": "NT AUTHORITY\\LOCAL SERVICE"
                },
                {
                  "@Name": "Protocol",
                  "#text": "udp"
                },
                {
                  "@Name": "Initiated",
                  "#text": "false"
                },
                {
                  "@Name": "SourceIsIpv6",
                  "#text": "false"
                },
                {
                  "@Name": "SourceIp",
                  "#text": "239.255.255.250"
                },
                {
                  "@Name": "SourceHostname"
                },
                {
                  "@Name": "SourcePort",
                  "#text": "1900"
                },
                {
                  "@Name": "SourcePortName",
                  "#text": "ssdp"
                },
                {
                  "@Name": "DestinationIsIpv6",
                  "#text": "false"
                },
                {
                  "@Name": "DestinationIp",
                  "#text": "127.0.0.1"
                },
                {
                  "@Name": "DestinationHostname",
                  "#text": "zyDrrzkxqgZ"
                },
                {
                  "@Name": "DestinationPort",
                  "#text": "62987"
                },
                {
                  "@Name": "DestinationPortName"
                }
              ]
            }
          },
          {
            "@xmlns": "http://schemas.microsoft.com/win/2004/08/events/event",
            "System": {
              "Provider": {
                "@Name": "Microsoft-Windows-Sysmon",
                "@Guid": "{5770385F-C22A-43E0-BF4C-06F5698FFBD9}"
              },
              "EventID": "3",
              "Version": "5",
              "Level": "4",
              "Task": "3",
              "Opcode": "0",
              "Keywords": "0x8000000000000000",
              "TimeCreated": {
                "@SystemTime": "2025-12-02T11:18:17.640625000Z"
              },
              "EventRecordID": "9157",
              "Correlation": null,
              "Execution": {
                "@ProcessID": "1232",
                "@ThreadID": "1884"
              },
              "Channel": "Microsoft-Windows-Sysmon/Operational",
              "Computer": "zyDrrzkxqgZ",
              "Security": {
                "@UserID": "S-1-5-18"
              }
            },
            "EventData": {
              "Data": [
                {
                  "@Name": "RuleName"
                },
                {
                  "@Name": "UtcTime",
                  "#text": "2020-06-16 02:07:38.539"
                },
                {
                  "@Name": "ProcessGuid",
                  "#text": "{7EA2F8B5-271B-5EE8-0000-0010589A3100}"
                },
                {
                  "@Name": "ProcessId",
                  "#text": "2576"
                },
                {
                  "@Name": "Image",
                  "#text": "C:\\Windows\\System32\\svchost.exe"
                },
                {
                  "@Name": "User",
                  "#text": "NT AUTHORITY\\LOCAL SERVICE"
                },
                {
                  "@Name": "Protocol",
                  "#text": "udp"
                },
                {
                  "@Name": "Initiated",
                  "#text": "true"
                },
                {
                  "@Name": "SourceIsIpv6",
                  "#text": "false"
                },
                {
                  "@Name": "SourceIp",
                  "#text": "127.0.0.1"
                },
                {
                  "@Name": "SourceHostname",
                  "#text": "zyDrrzkxqgZ"
                },
                {
                  "@Name": "SourcePort",
                  "#text": "62987"
                },
                {
                  "@Name": "SourcePortName"
                },
                {
                  "@Name": "DestinationIsIpv6",
                  "#text": "false"
                },
                {
                  "@Name": "DestinationIp",
                  "#text": "239.255.255.250"
                },
                {
                  "@Name": "DestinationHostname"
                },
                {
                  "@Name": "DestinationPort",
                  "#text": "1900"
                },
                {
                  "@Name": "DestinationPortName",
                  "#text": "ssdp"
                }
              ]
            }
          },
          {
            "@xmlns": "http://schemas.microsoft.com/win/2004/08/events/event",
            "System": {
              "Provider": {
                "@Name": "Microsoft-Windows-Sysmon",
                "@Guid": "{5770385F-C22A-43E0-BF4C-06F5698FFBD9}"
              },
              "EventID": "3",
              "Version": "5",
              "Level": "4",
              "Task": "3",
              "Opcode": "0",
              "Keywords": "0x8000000000000000",
              "TimeCreated": {
                "@SystemTime": "2025-12-02T11:18:17.640625000Z"
              },
              "EventRecordID": "9156",
              "Correlation": null,
              "Execution": {
                "@ProcessID": "1232",
                "@ThreadID": "1884"
              },
              "Channel": "Microsoft-Windows-Sysmon/Operational",
              "Computer": "zyDrrzkxqgZ",
              "Security": {
                "@UserID": "S-1-5-18"
              }
            },
            "EventData": {
              "Data": [
                {
                  "@Name": "RuleName"
                },
                {
                  "@Name": "UtcTime",
                  "#text": "2020-06-16 02:07:38.539"
                },
                {
                  "@Name": "ProcessGuid",
                  "#text": "{7EA2F8B5-271B-5EE8-0000-0010589A3100}"
                },
                {
                  "@Name": "ProcessId",
                  "#text": "2576"
                },
                {
                  "@Name": "Image",
                  "#text": "C:\\Windows\\System32\\svchost.exe"
                },
                {
                  "@Name": "User",
                  "#text": "NT AUTHORITY\\LOCAL SERVICE"
                },
                {
                  "@Name": "Protocol",
                  "#text": "udp"
                },
                {
                  "@Name": "Initiated",
                  "#text": "true"
                },
                {
                  "@Name": "SourceIsIpv6",
                  "#text": "false"
                },
                {
                  "@Name": "SourceIp",
                  "#text": "192.168.168.209"
                },
                {
                  "@Name": "SourceHostname",
                  "#text": "zyDrrzkxqgZ"
                },
                {
                  "@Name": "SourcePort",
                  "#text": "62986"
                },
                {
                  "@Name": "SourcePortName"
                },
                {
                  "@Name": "DestinationIsIpv6",
                  "#text": "false"
                },
                {
                  "@Name": "DestinationIp",
                  "#text": "239.255.255.250"
                },
                {
                  "@Name": "DestinationHostname"
                },
                {
                  "@Name": "DestinationPort",
                  "#text": "1900"
                },
                {
                  "@Name": "DestinationPortName",
                  "#text": "ssdp"
                }
              ]
            }
          },
          {
            "@xmlns": "http://schemas.microsoft.com/win/2004/08/events/event",
            "System": {
              "Provider": {
                "@Name": "Microsoft-Windows-Sysmon",
                "@Guid": "{5770385F-C22A-43E0-BF4C-06F5698FFBD9}"
              },
              "EventID": "3",
              "Version": "5",
              "Level": "4",
              "Task": "3",
              "Opcode": "0",
              "Keywords": "0x8000000000000000",
              "TimeCreated": {
                "@SystemTime": "2025-12-02T11:18:17.640625000Z"
              },
              "EventRecordID": "9155",
              "Correlation": null,
              "Execution": {
                "@ProcessID": "1232",
                "@ThreadID": "1884"
              },
              "Channel": "Microsoft-Windows-Sysmon/Operational",
              "Computer": "zyDrrzkxqgZ",
              "Security": {
                "@UserID": "S-1-5-18"
              }
            },
            "EventData": {
              "Data": [
                {
                  "@Name": "RuleName"
                },
                {
                  "@Name": "UtcTime",
                  "#text": "2020-06-16 02:07:38.335"
                },
                {
                  "@Name": "ProcessGuid",
                  "#text": "{7EA2F8B5-26A4-5EE8-0000-00104A7B0200}"
                },
                {
                  "@Name": "ProcessId",
                  "#text": "648"
                },
                {
                  "@Name": "Image",
                  "#text": "C:\\Python27\\pythonw.exe"
                },
                {
                  "@Name": "User",
                  "#text": "ZYDRRZKXQGZ\\Administrator"
                },
                {
                  "@Name": "Protocol",
                  "#text": "tcp"
                },
                {
                  "@Name": "Initiated",
                  "#text": "false"
                },
                {
                  "@Name": "SourceIsIpv6",
                  "#text": "false"
                },
                {
                  "@Name": "SourceIp",
                  "#text": "192.168.168.209"
                },
                {
                  "@Name": "SourceHostname",
                  "#text": "zyDrrzkxqgZ"
                },
                {
                  "@Name": "SourcePort",
                  "#text": "8000"
                },
                {
                  "@Name": "SourcePortName"
                },
                {
                  "@Name": "DestinationIsIpv6",
                  "#text": "false"
                },
                {
                  "@Name": "DestinationIp",
                  "#text": "192.168.168.1"
                },
                {
                  "@Name": "DestinationHostname"
                },
                {
                  "@Name": "DestinationPort",
                  "#text": "60736"
                },
                {
                  "@Name": "DestinationPortName"
                }
              ]
            }
          },
          {
            "@xmlns": "http://schemas.microsoft.com/win/2004/08/events/event",
            "System": {
              "Provider": {
                "@Name": "Microsoft-Windows-Sysmon",
                "@Guid": "{5770385F-C22A-43E0-BF4C-06F5698FFBD9}"
              },
              "EventID": "3",
              "Version": "5",
              "Level": "4",
              "Task": "3",
              "Opcode": "0",
              "Keywords": "0x8000000000000000",
              "TimeCreated": {
                "@SystemTime": "2025-12-02T11:18:17.640625000Z"
              },
              "EventRecordID": "9154",
              "Correlation": null,
              "Execution": {
                "@ProcessID": "1232",
                "@ThreadID": "1884"
              },
              "Channel": "Microsoft-Windows-Sysmon/Operational",
              "Computer": "zyDrrzkxqgZ",
              "Security": {
                "@UserID": "S-1-5-18"
              }
            },
            "EventData": {
              "Data": [
                {
                  "@Name": "RuleName"
                },
                {
                  "@Name": "UtcTime",
                  "#text": "2020-06-16 02:07:38.054"
                },
                {
                  "@Name": "ProcessGuid",
                  "#text": "{7EA2F8B5-269C-5EE8-0000-0010EB030000}"
                },
                {
                  "@Name": "ProcessId",
                  "#text": "4"
                },
                {
                  "@Name": "Image",
                  "#text": "System"
                },
                {
                  "@Name": "User",
                  "#text": "NT AUTHORITY\\SYSTEM"
                },
                {
                  "@Name": "Protocol",
                  "#text": "udp"
                },
                {
                  "@Name": "Initiated",
                  "#text": "false"
                },
                {
                  "@Name": "SourceIsIpv6",
                  "#text": "false"
                },
                {
                  "@Name": "SourceIp",
                  "#text": "192.168.168.255"
                },
                {
                  "@Name": "SourceHostname"
                },
                {
                  "@Name": "SourcePort",
                  "#text": "137"
                },
                {
                  "@Name": "SourcePortName",
                  "#text": "netbios-ns"
                },
                {
                  "@Name": "DestinationIsIpv6",
                  "#text": "false"
                },
                {
                  "@Name": "DestinationIp",
                  "#text": "192.168.168.209"
                },
                {
                  "@Name": "DestinationHostname",
                  "#text": "zyDrrzkxqgZ"
                },
                {
                  "@Name": "DestinationPort",
                  "#text": "137"
                },
                {
                  "@Name": "DestinationPortName",
                  "#text": "netbios-ns"
                }
              ]
            }
          },
          {
            "@xmlns": "http://schemas.microsoft.com/win/2004/08/events/event",
            "System": {
              "Provider": {
                "@Name": "Microsoft-Windows-Sysmon",
                "@Guid": "{5770385F-C22A-43E0-BF4C-06F5698FFBD9}"
              },
              "EventID": "3",
              "Version": "5",
              "Level": "4",
              "Task": "3",
              "Opcode": "0",
              "Keywords": "0x8000000000000000",
              "TimeCreated": {
                "@SystemTime": "2025-12-02T11:18:17.640625000Z"
              },
              "EventRecordID": "9153",
              "Correlation": null,
              "Execution": {
                "@ProcessID": "1232",
                "@ThreadID": "1884"
              },
              "Channel": "Microsoft-Windows-Sysmon/Operational",
              "Computer": "zyDrrzkxqgZ",
              "Security": {
                "@UserID": "S-1-5-18"
              }
            },
            "EventData": {
              "Data": [
                {
                  "@Name": "RuleName"
                },
                {
                  "@Name": "UtcTime",
                  "#text": "2020-06-16 02:07:38.054"
                },
                {
                  "@Name": "ProcessGuid",
                  "#text": "{7EA2F8B5-269C-5EE8-0000-0010EB030000}"
                },
                {
                  "@Name": "ProcessId",
                  "#text": "4"
                },
                {
                  "@Name": "Image",
                  "#text": "System"
                },
                {
                  "@Name": "User",
                  "#text": "NT AUTHORITY\\SYSTEM"
                },
                {
                  "@Name": "Protocol",
                  "#text": "udp"
                },
                {
                  "@Name": "Initiated",
                  "#text": "true"
                },
                {
                  "@Name": "SourceIsIpv6",
                  "#text": "false"
                },
                {
                  "@Name": "SourceIp",
                  "#text": "192.168.168.209"
                },
                {
                  "@Name": "SourceHostname",
                  "#text": "zyDrrzkxqgZ"
                },
                {
                  "@Name": "SourcePort",
                  "#text": "137"
                },
                {
                  "@Name": "SourcePortName",
                  "#text": "netbios-ns"
                },
                {
                  "@Name": "DestinationIsIpv6",
                  "#text": "false"
                },
                {
                  "@Name": "DestinationIp",
                  "#text": "192.168.168.255"
                },
                {
                  "@Name": "DestinationHostname"
                },
                {
                  "@Name": "DestinationPort",
                  "#text": "137"
                },
                {
                  "@Name": "DestinationPortName",
                  "#text": "netbios-ns"
                }
              ]
            }
          },
