          {
            "@xmlns": "http://schemas.microsoft.com/win/2004/08/events/event",
            "System": {
              "Provider": {
                "@Name": "Microsoft-Windows-Sysmon",
                "@Guid": "{5770385F-C22A-43E0-BF4C-06F5698FFBD9}"
              },
              "EventID": "5",
              "Version": "3",
              "Level": "4",
              "Task": "5",
              "Opcode": "0",
              "Keywords": "0x8000000000000000",
              "TimeCreated": {
                "@SystemTime": "2025-12-02T11:18:32.625000000Z"
              },
              "EventRecordID": "9183",
              "Correlation": null,
              "Execution": {
                "@ProcessID": "1232",
                "@ThreadID": "1872"
              },
              "Channel": "Microsoft-Windows-Sysmon/Operational",
              "Computer": "zyDrrzkxqgZ",
              "Security": {
                "@UserID": "S-1-5-18"
              }
            },
            "EventData": {
              "Data": [
                {
                  "@Name": "RuleName"
                },
                {
                  "@Name": "UtcTime",
                  "#text": "2020-06-16 02:07:10.791"
                },
                {
                  "@Name": "ProcessGuid",
                  "#text": "{00000000-0000-0000-0000-000000000000}"
                },
                {
                  "@Name": "ProcessId",
                  "#text": "2964"
                },
                {
                  "@Name": "Image",
                  "#text": "<unknown process>"
                }
              ]
            }
          },
          {
            "@xmlns": "http://schemas.microsoft.com/win/2004/08/events/event",
            "System": {
              "Provider": {
                "@Name": "Microsoft-Windows-Sysmon",
                "@Guid": "{5770385F-C22A-43E0-BF4C-06F5698FFBD9}"
              },
              "EventID": "3",
              "Version": "5",
              "Level": "4",
              "Task": "3",
              "Opcode": "0",
              "Keywords": "0x8000000000000000",
              "TimeCreated": {
                "@SystemTime": "2025-12-02T11:18:31.640625000Z"
              },
              "EventRecordID": "9182",
              "Correlation": null,
              "Execution": {
                "@ProcessID": "1232",
                "@ThreadID": "1884"
              },
              "Channel": "Microsoft-Windows-Sysmon/Operational",
              "Computer": "zyDrrzkxqgZ",
              "Security": {
                "@UserID": "S-1-5-18"
              }
            },
            "EventData": {
              "Data": [
                {
                  "@Name": "RuleName"
                },
                {
                  "@Name": "UtcTime",
                  "#text": "2020-06-16 02:07:50.457"
                },
                {
                  "@Name": "ProcessGuid",
                  "#text": "{7EA2F8B5-26A4-5EE8-0000-00104A7B0200}"
                },
                {
                  "@Name": "ProcessId",
                  "#text": "648"
                },
                {
                  "@Name": "Image",
                  "#text": "C:\\Python27\\pythonw.exe"
                },
                {
                  "@Name": "User",
                  "#text": "ZYDRRZKXQGZ\\Administrator"
                },
                {
                  "@Name": "Protocol",
                  "#text": "tcp"
                },
                {
                  "@Name": "Initiated",
                  "#text": "false"
                },
                {
                  "@Name": "SourceIsIpv6",
                  "#text": "false"
                },
                {
                  "@Name": "SourceIp",
                  "#text": "192.168.168.209"
                },
                {
                  "@Name": "SourceHostname",
                  "#text": "zyDrrzkxqgZ"
                },
                {
                  "@Name": "SourcePort",
                  "#text": "8000"
                },
                {
                  "@Name": "SourcePortName"
                },
                {
                  "@Name": "DestinationIsIpv6",
                  "#text": "false"
                },
                {
                  "@Name": "DestinationIp",
                  "#text": "192.168.168.1"
                },
                {
                  "@Name": "DestinationHostname"
                },
                {
                  "@Name": "DestinationPort",
                  "#text": "50418"
                },
                {
                  "@Name": "DestinationPortName"
                }
              ]
            }
          },
          {
            "@xmlns": "http://schemas.microsoft.com/win/2004/08/events/event",
            "System": {
              "Provider": {
                "@Name": "Microsoft-Windows-Sysmon",
                "@Guid": "{5770385F-C22A-43E0-BF4C-06F5698FFBD9}"
              },
              "EventID": "3",
              "Version": "5",
              "Level": "4",
              "Task": "3",
              "Opcode": "0",
              "Keywords": "0x8000000000000000",
              "TimeCreated": {
                "@SystemTime": "2025-12-02T11:18:27.640625000Z"
              },
              "EventRecordID": "9181",
              "Correlation": null,
              "Execution": {
                "@ProcessID": "1232",
                "@ThreadID": "1884"
              },
              "Channel": "Microsoft-Windows-Sysmon/Operational",
              "Computer": "zyDrrzkxqgZ",
              "Security": {
                "@UserID": "S-1-5-18"
              }
            },
            "EventData": {
              "Data": [
                {
                  "@Name": "RuleName"
                },
                {
                  "@Name": "UtcTime",
                  "#text": "2020-06-16 02:07:47.439"
                },
                {
                  "@Name": "ProcessGuid",
                  "#text": "{7EA2F8B5-26A4-5EE8-0000-00104A7B0200}"
                },
                {
                  "@Name": "ProcessId",
                  "#text": "648"
                },
                {
                  "@Name": "Image",
                  "#text": "C:\\Python27\\pythonw.exe"
                },
                {
                  "@Name": "User",
                  "#text": "ZYDRRZKXQGZ\\Administrator"
                },
                {
                  "@Name": "Protocol",
                  "#text": "tcp"
                },
                {
                  "@Name": "Initiated",
                  "#text": "false"
                },
                {
                  "@Name": "SourceIsIpv6",
                  "#text": "false"
                },
                {
                  "@Name": "SourceIp",
                  "#text": "192.168.168.209"
                },
                {
                  "@Name": "SourceHostname",
                  "#text": "zyDrrzkxqgZ"
                },
                {
                  "@Name": "SourcePort",
                  "#text": "8000"
                },
                {
                  "@Name": "SourcePortName"
                },
                {
                  "@Name": "DestinationIsIpv6",
                  "#text": "false"
                },
                {
                  "@Name": "DestinationIp",
                  "#text": "192.168.168.1"
                },
                {
                  "@Name": "DestinationHostname"
                },
                {
                  "@Name": "DestinationPort",
                  "#text": "50412"
                },
                {
                  "@Name": "DestinationPortName"
                }
              ]
            }
          },
          {
            "@xmlns": "http://schemas.microsoft.com/win/2004/08/events/event",
            "System": {
              "Provider": {
                "@Name": "Microsoft-Windows-Sysmon",
                "@Guid": "{5770385F-C22A-43E0-BF4C-06F5698FFBD9}"
              },
              "EventID": "3",
              "Version": "5",
              "Level": "4",
              "Task": "3",
              "Opcode": "0",
              "Keywords": "0x8000000000000000",
              "TimeCreated": {
                "@SystemTime": "2025-12-02T11:18:27.640625000Z"
              },
              "EventRecordID": "9180",
              "Correlation": null,
              "Execution": {
                "@ProcessID": "1232",
                "@ThreadID": "1884"
              },
              "Channel": "Microsoft-Windows-Sysmon/Operational",
              "Computer": "zyDrrzkxqgZ",
              "Security": {
                "@UserID": "S-1-5-18"
              }
            },
            "EventData": {
              "Data": [
                {
                  "@Name": "RuleName"
                },
                {
                  "@Name": "UtcTime",
                  "#text": "2020-06-16 02:07:47.029"
                },
                {
                  "@Name": "ProcessGuid",
                  "#text": "{7EA2F8B5-26A2-5EE8-0000-0010ADE50000}"
                },
                {
                  "@Name": "ProcessId",
                  "#text": "416"
                },
                {
                  "@Name": "Image",
                  "#text": "C:\\Windows\\System32\\svchost.exe"
                },
                {
                  "@Name": "User",
                  "#text": "NT AUTHORITY\\NETWORK SERVICE"
                },
                {
                  "@Name": "Protocol",
                  "#text": "udp"
                },
                {
                  "@Name": "Initiated",
                  "#text": "false"
                },
                {
                  "@Name": "SourceIsIpv6",
                  "#text": "true"
                },
                {
                  "@Name": "SourceIp",
                  "#text": "ff02:0:0:0:0:0:1:3"
                },
                {
                  "@Name": "SourceHostname"
                },
                {
                  "@Name": "SourcePort",
                  "#text": "5355"
                },
                {
                  "@Name": "SourcePortName",
                  "#text": "llmnr"
                },
                {
                  "@Name": "DestinationIsIpv6",
                  "#text": "true"
                },
                {
                  "@Name": "DestinationIp",
                  "#text": "fe80:0:0:0:5d3c:f14f:3703:8222"
                },
                {
                  "@Name": "DestinationHostname",
                  "#text": "zyDrrzkxqgZ"
                },
                {
                  "@Name": "DestinationPort",
                  "#text": "50223"
                },
                {
                  "@Name": "DestinationPortName"
                }
              ]
            }
          },
          {
            "@xmlns": "http://schemas.microsoft.com/win/2004/08/events/event",
            "System": {
              "Provider": {
                "@Name": "Microsoft-Windows-Sysmon",
                "@Guid": "{5770385F-C22A-43E0-BF4C-06F5698FFBD9}"
              },
              "EventID": "3",
              "Version": "5",
              "Level": "4",
              "Task": "3",
              "Opcode": "0",
              "Keywords": "0x8000000000000000",
              "TimeCreated": {
                "@SystemTime": "2025-12-02T11:18:27.640625000Z"
              },
              "EventRecordID": "9179",
              "Correlation": null,
              "Execution": {
                "@ProcessID": "1232",
                "@ThreadID": "1884"
              },
              "Channel": "Microsoft-Windows-Sysmon/Operational",
              "Computer": "zyDrrzkxqgZ",
              "Security": {
                "@UserID": "S-1-5-18"
              }
            },
            "EventData": {
              "Data": [
                {
                  "@Name": "RuleName"
                },
                {
                  "@Name": "UtcTime",
                  "#text": "2020-06-16 02:07:46.452"
                },
                {
                  "@Name": "ProcessGuid",
                  "#text": "{7EA2F8B5-269C-5EE8-0000-0010EB030000}"
                },
                {
                  "@Name": "ProcessId",
                  "#text": "4"
                },
                {
                  "@Name": "Image",
                  "#text": "System"
                },
                {
                  "@Name": "User",
                  "#text": "NT AUTHORITY\\SYSTEM"
                },
                {
                  "@Name": "Protocol",
                  "#text": "udp"
                },
                {
                  "@Name": "Initiated",
                  "#text": "true"
                },
                {
                  "@Name": "SourceIsIpv6",
                  "#text": "false"
                },
                {
                  "@Name": "SourceIp",
                  "#text": "192.168.168.209"
                },
                {
                  "@Name": "SourceHostname",
                  "#text": "zyDrrzkxqgZ"
                },
                {
                  "@Name": "SourcePort",
                  "#text": "137"
                },
                {
                  "@Name": "SourcePortName",
                  "#text": "netbios-ns"
                },
                {
                  "@Name": "DestinationIsIpv6",
                  "#text": "false"
                },
                {
                  "@Name": "DestinationIp",
                  "#text": "83.255.218.89"
                },
                {
                  "@Name": "DestinationHostname"
                },
                {
                  "@Name": "DestinationPort",
                  "#text": "137"
                },
                {
                  "@Name": "DestinationPortName",
                  "#text": "netbios-ns"
                }
              ]
            }
          },
          {
            "@xmlns": "http://schemas.microsoft.com/win/2004/08/events/event",
            "System": {
              "Provider": {
                "@Name": "Microsoft-Windows-Sysmon",
                "@Guid": "{5770385F-C22A-43E0-BF4C-06F5698FFBD9}"
              },
              "EventID": "3",
              "Version": "5",
              "Level": "4",
              "Task": "3",
              "Opcode": "0",
              "Keywords": "0x8000000000000000",
              "TimeCreated": {
                "@SystemTime": "2025-12-02T11:18:25.640625000Z"
              },
              "EventRecordID": "9178",
              "Correlation": null,
              "Execution": {
                "@ProcessID": "1232",
                "@ThreadID": "1884"
              },
              "Channel": "Microsoft-Windows-Sysmon/Operational",
              "Computer": "zyDrrzkxqgZ",
              "Security": {
                "@UserID": "S-1-5-18"
              }
            },
            "EventData": {
              "Data": [
                {
                  "@Name": "RuleName"
                },
                {
                  "@Name": "UtcTime",
                  "#text": "2020-06-16 02:07:44.586"
                },
                {
                  "@Name": "ProcessGuid",
                  "#text": "{7EA2F8B5-26A0-5EE8-0000-001096BC0000}"
                },
                {
                  "@Name": "ProcessId",
                  "#text": "764"
                },
                {
                  "@Name": "Image",
                  "#text": "C:\\Windows\\System32\\svchost.exe"
                },
                {
                  "@Name": "User",
                  "#text": "NT AUTHORITY\\LOCAL SERVICE"
                },
                {
                  "@Name": "Protocol",
                  "#text": "udp"
                },
                {
                  "@Name": "Initiated",
                  "#text": "false"
                },
                {
                  "@Name": "SourceIsIpv6",
                  "#text": "true"
                },
                {
                  "@Name": "SourceIp",
                  "#text": "ff02:0:0:0:0:0:1:2"
                },
                {
                  "@Name": "SourceHostname"
                },
                {
                  "@Name": "SourcePort",
                  "#text": "547"
                },
                {
                  "@Name": "SourcePortName",
                  "#text": "dhcpv6-server"
                },
                {
                  "@Name": "DestinationIsIpv6",
                  "#text": "true"
                },
                {
                  "@Name": "DestinationIp",
                  "#text": "fe80:0:0:0:5d3c:f14f:3703:8222"
                },
                {
                  "@Name": "DestinationHostname",
                  "#text": "zyDrrzkxqgZ"
                },
                {
                  "@Name": "DestinationPort",
                  "#text": "546"
                },
                {
                  "@Name": "DestinationPortName",
                  "#text": "dhcpv6-client"
                }
              ]
            }
          },
          {
            "@xmlns": "http://schemas.microsoft.com/win/2004/08/events/event",
            "System": {
              "Provider": {
                "@Name": "Microsoft-Windows-Sysmon",
                "@Guid": "{5770385F-C22A-43E0-BF4C-06F5698FFBD9}"
              },
              "EventID": "3",
              "Version": "5",
              "Level": "4",
              "Task": "3",
              "Opcode": "0",
              "Keywords": "0x8000000000000000",
              "TimeCreated": {
                "@SystemTime": "2025-12-02T11:18:23.640625000Z"
              },
              "EventRecordID": "9177",
              "Correlation": null,
              "Execution": {
                "@ProcessID": "1232",
                "@ThreadID": "1884"
              },
              "Channel": "Microsoft-Windows-Sysmon/Operational",
              "Computer": "zyDrrzkxqgZ",
              "Security": {
                "@UserID": "S-1-5-18"
              }
            },
            "EventData": {
              "Data": [
                {
                  "@Name": "RuleName"
                },
                {
                  "@Name": "UtcTime",
                  "#text": "2020-06-16 02:07:44.449"
                },
                {
                  "@Name": "ProcessGuid",
                  "#text": "{7EA2F8B5-26A2-5EE8-0000-0010ADE50000}"
                },
                {
                  "@Name": "ProcessId",
                  "#text": "416"
                },
                {
                  "@Name": "Image",
                  "#text": "C:\\Windows\\System32\\svchost.exe"
                },
                {
                  "@Name": "User",
                  "#text": "NT AUTHORITY\\NETWORK SERVICE"
                },
                {
                  "@Name": "Protocol",
                  "#text": "udp"
                },
                {
                  "@Name": "Initiated",
                  "#text": "false"
                },
                {
                  "@Name": "SourceIsIpv6",
                  "#text": "true"
                },
                {
                  "@Name": "SourceIp",
                  "#text": "ff02:0:0:0:0:0:1:3"
                },
                {
                  "@Name": "SourceHostname"
                },
                {
                  "@Name": "SourcePort",
                  "#text": "5355"
                },
                {
                  "@Name": "SourcePortName",
                  "#text": "llmnr"
                },
                {
                  "@Name": "DestinationIsIpv6",
                  "#text": "true"
                },
                {
                  "@Name": "DestinationIp",
                  "#text": "fe80:0:0:0:5d3c:f14f:3703:8222"
                },
                {
                  "@Name": "DestinationHostname",
                  "#text": "zyDrrzkxqgZ"
                },
                {
                  "@Name": "DestinationPort",
                  "#text": "65382"
                },
                {
                  "@Name": "DestinationPortName"
                }
              ]
            }
          },
          {
            "@xmlns": "http://schemas.microsoft.com/win/2004/08/events/event",
            "System": {
              "Provider": {
                "@Name": "Microsoft-Windows-Sysmon",
                "@Guid": "{5770385F-C22A-43E0-BF4C-06F5698FFBD9}"
              },
              "EventID": "3",
              "Version": "5",
              "Level": "4",
              "Task": "3",
              "Opcode": "0",
              "Keywords": "0x8000000000000000",
              "TimeCreated": {
                "@SystemTime": "2025-12-02T11:18:23.640625000Z"
              },
              "EventRecordID": "9176",
              "Correlation": null,
              "Execution": {
                "@ProcessID": "1232",
                "@ThreadID": "1884"
              },
              "Channel": "Microsoft-Windows-Sysmon/Operational",
              "Computer": "zyDrrzkxqgZ",
              "Security": {
                "@UserID": "S-1-5-18"
              }
            },
            "EventData": {
              "Data": [
                {
                  "@Name": "RuleName"
                },
                {
                  "@Name": "UtcTime",
                  "#text": "2020-06-16 02:07:44.447"
                },
                {
                  "@Name": "ProcessGuid",
                  "#text": "{7EA2F8B5-269C-5EE8-0000-0010EB030000}"
                },
                {
                  "@Name": "ProcessId",
                  "#text": "4"
                },
                {
                  "@Name": "Image",
                  "#text": "System"
                },
                {
                  "@Name": "User",
                  "#text": "NT AUTHORITY\\SYSTEM"
                },
                {
                  "@Name": "Protocol",
                  "#text": "udp"
                },
                {
                  "@Name": "Initiated",
                  "#text": "true"
                },
                {
                  "@Name": "SourceIsIpv6",
                  "#text": "false"
                },
                {
                  "@Name": "SourceIp",
                  "#text": "192.168.168.209"
                },
                {
                  "@Name": "SourceHostname",
                  "#text": "zyDrrzkxqgZ"
                },
                {
                  "@Name": "SourcePort",
                  "#text": "137"
                },
                {
                  "@Name": "SourcePortName",
                  "#text": "netbios-ns"
                },
                {
                  "@Name": "DestinationIsIpv6",
                  "#text": "false"
                },
                {
                  "@Name": "DestinationIp",
                  "#text": "104.40.149.189"
                },
                {
                  "@Name": "DestinationHostname"
                },
                {
                  "@Name": "DestinationPort",
                  "#text": "137"
                },
                {
                  "@Name": "DestinationPortName",
                  "#text": "netbios-ns"
                }
              ]
            }
          },
          {
            "@xmlns": "http://schemas.microsoft.com/win/2004/08/events/event",
            "System": {
              "Provider": {
                "@Name": "Microsoft-Windows-Sysmon",
                "@Guid": "{5770385F-C22A-43E0-BF4C-06F5698FFBD9}"
              },
              "EventID": "3",
              "Version": "5",
              "Level": "4",
              "Task": "3",
              "Opcode": "0",
              "Keywords": "0x8000000000000000",
              "TimeCreated": {
                "@SystemTime": "2025-12-02T11:18:23.640625000Z"
              },
              "EventRecordID": "9175",
              "Correlation": null,
              "Execution": {
                "@ProcessID": "1232",
                "@ThreadID": "1884"
              },
              "Channel": "Microsoft-Windows-Sysmon/Operational",
              "Computer": "zyDrrzkxqgZ",
              "Security": {
                "@UserID": "S-1-5-18"
              }
            },
            "EventData": {
              "Data": [
                {
                  "@Name": "RuleName"
                },
                {
                  "@Name": "UtcTime",
                  "#text": "2020-06-16 02:07:44.421"
                },
                {
                  "@Name": "ProcessGuid",
                  "#text": "{7EA2F8B5-26A4-5EE8-0000-00104A7B0200}"
                },
                {
                  "@Name": "ProcessId",
                  "#text": "648"
                },
                {
                  "@Name": "Image",
                  "#text": "C:\\Python27\\pythonw.exe"
                },
                {
                  "@Name": "User",
                  "#text": "ZYDRRZKXQGZ\\Administrator"
                },
                {
                  "@Name": "Protocol",
                  "#text": "tcp"
                },
                {
                  "@Name": "Initiated",
                  "#text": "false"
                },
                {
                  "@Name": "SourceIsIpv6",
                  "#text": "false"
                },
                {
                  "@Name": "SourceIp",
                  "#text": "192.168.168.209"
                },
                {
                  "@Name": "SourceHostname",
                  "#text": "zyDrrzkxqgZ"
                },
                {
                  "@Name": "SourcePort",
                  "#text": "8000"
                },
                {
                  "@Name": "SourcePortName"
                },
                {
                  "@Name": "DestinationIsIpv6",
                  "#text": "false"
                },
                {
                  "@Name": "DestinationIp",
                  "#text": "192.168.168.1"
                },
                {
                  "@Name": "DestinationHostname"
                },
                {
                  "@Name": "DestinationPort",
                  "#text": "50406"
                },
                {
                  "@Name": "DestinationPortName"
                }
              ]
            }
          },
          {
            "@xmlns": "http://schemas.microsoft.com/win/2004/08/events/event",
            "System": {
              "Provider": {
                "@Name": "Microsoft-Windows-Sysmon",
                "@Guid": "{5770385F-C22A-43E0-BF4C-06F5698FFBD9}"
              },
              "EventID": "3",
              "Version": "5",
              "Level": "4",
              "Task": "3",
              "Opcode": "0",
              "Keywords": "0x8000000000000000",
              "TimeCreated": {
                "@SystemTime": "2025-12-02T11:18:23.640625000Z"
              },
              "EventRecordID": "9174",
              "Correlation": null,
              "Execution": {
                "@ProcessID": "1232",
                "@ThreadID": "1884"
              },
              "Channel": "Microsoft-Windows-Sysmon/Operational",
              "Computer": "zyDrrzkxqgZ",
              "Security": {
                "@UserID": "S-1-5-18"
              }
            },
            "EventData": {
              "Data": [
                {
                  "@Name": "RuleName"
                },
                {
                  "@Name": "UtcTime",
                  "#text": "2020-06-16 02:07:44.384"
                },
                {
                  "@Name": "ProcessGuid",
                  "#text": "{7EA2F8B5-26A3-5EE8-0000-001053300100}"
                },
                {
                  "@Name": "ProcessId",
                  "#text": "1232"
                },
                {
                  "@Name": "Image",
                  "#text": "C:\\Windows\\sysmon.exe"
                },
                {
                  "@Name": "User",
                  "#text": "NT AUTHORITY\\SYSTEM"
                },
                {
                  "@Name": "Protocol",
                  "#text": "tcp"
                },
                {
                  "@Name": "Initiated",
                  "#text": "true"
                },
                {
                  "@Name": "SourceIsIpv6",
                  "#text": "false"
                },
                {
                  "@Name": "SourceIp",
                  "#text": "192.168.168.209"
                },
                {
                  "@Name": "SourceHostname",
                  "#text": "zyDrrzkxqgZ"
                },
                {
                  "@Name": "SourcePort",
                  "#text": "49262"
                },
                {
                  "@Name": "SourcePortName"
                },
                {
                  "@Name": "DestinationIsIpv6",
                  "#text": "false"
                },
                {
                  "@Name": "DestinationIp",
                  "#text": "83.255.218.89"
                },
                {
                  "@Name": "DestinationHostname"
                },
                {
                  "@Name": "DestinationPort",
                  "#text": "80"
                },
                {
                  "@Name": "DestinationPortName",
                  "#text": "http"
                }
              ]
            }
          },
          {
            "@xmlns": "http://schemas.microsoft.com/win/2004/08/events/event",
            "System": {
              "Provider": {
                "@Name": "Microsoft-Windows-Sysmon",
                "@Guid": "{5770385F-C22A-43E0-BF4C-06F5698FFBD9}"
              },
              "EventID": "5",
              "Version": "3",
              "Level": "4",
              "Task": "5",
              "Opcode": "0",
              "Keywords": "0x8000000000000000",
              "TimeCreated": {
                "@SystemTime": "2025-12-02T11:18:23.500000000Z"
              },
              "EventRecordID": "9173",
              "Correlation": null,
              "Execution": {
                "@ProcessID": "1232",
                "@ThreadID": "1872"
              },
              "Channel": "Microsoft-Windows-Sysmon/Operational",
              "Computer": "zyDrrzkxqgZ",
              "Security": {
                "@UserID": "S-1-5-18"
              }
            },
            "EventData": {
              "Data": [
                {
                  "@Name": "RuleName"
                },
                {
                  "@Name": "UtcTime",
                  "#text": "2020-06-16 02:07:04.573"
                },
                {
                  "@Name": "ProcessGuid",
                  "#text": "{7EA2F8B5-2900-5EE8-0000-0010C985FD00}"
                },
                {
                  "@Name": "ProcessId",
                  "#text": "2756"
                },
                {
                  "@Name": "Image",
                  "#text": "C:\\Windows\\System32\\wbem\\WMIC.exe"
                }
              ]
            }
          },
          {
            "@xmlns": "http://schemas.microsoft.com/win/2004/08/events/event",
            "System": {
              "Provider": {
                "@Name": "Microsoft-Windows-Sysmon",
                "@Guid": "{5770385F-C22A-43E0-BF4C-06F5698FFBD9}"
              },
              "EventID": "3",
              "Version": "5",
              "Level": "4",
              "Task": "3",
              "Opcode": "0",
              "Keywords": "0x8000000000000000",
              "TimeCreated": {
                "@SystemTime": "2025-12-02T11:18:21.640625000Z"
              },
              "EventRecordID": "9172",
              "Correlation": null,
              "Execution": {
                "@ProcessID": "1232",
                "@ThreadID": "1884"
              },
              "Channel": "Microsoft-Windows-Sysmon/Operational",
              "Computer": "zyDrrzkxqgZ",
              "Security": {
                "@UserID": "S-1-5-18"
              }
            },
            "EventData": {
              "Data": [
                {
                  "@Name": "RuleName"
                },
                {
                  "@Name": "UtcTime",
                  "#text": "2020-06-16 02:07:43.264"
                },
                {
                  "@Name": "ProcessGuid",
                  "#text": "{7EA2F8B5-2969-5EE8-0000-0010E0142701}"
                },
                {
                  "@Name": "ProcessId",
                  "#text": "2068"
                },
                {
                  "@Name": "Image",
                  "#text": "C:\\Python27\\pythonw.exe"
                },
                {
                  "@Name": "User",
                  "#text": "ZYDRRZKXQGZ\\Administrator"
                },
                {
                  "@Name": "Protocol",
                  "#text": "tcp"
                },
                {
                  "@Name": "Initiated",
                  "#text": "true"
                },
                {
                  "@Name": "SourceIsIpv6",
                  "#text": "false"
                },
                {
                  "@Name": "SourceIp",
                  "#text": "192.168.168.209"
                },
                {
                  "@Name": "SourceHostname",
                  "#text": "zyDrrzkxqgZ"
                },
                {
                  "@Name": "SourcePort",
                  "#text": "49261"
                },
                {
                  "@Name": "SourcePortName"
                },
                {
                  "@Name": "DestinationIsIpv6",
                  "#text": "false"
                },
                {
                  "@Name": "DestinationIp",
                  "#text": "192.168.168.1"
                },
                {
                  "@Name": "DestinationHostname"
                },
                {
                  "@Name": "DestinationPort",
                  "#text": "39155"
                },
                {
                  "@Name": "DestinationPortName"
                }
              ]
            }
          },
          {
            "@xmlns": "http://schemas.microsoft.com/win/2004/08/events/event",
            "System": {
              "Provider": {
                "@Name": "Microsoft-Windows-Sysmon",
                "@Guid": "{5770385F-C22A-43E0-BF4C-06F5698FFBD9}"
              },
              "EventID": "3",
              "Version": "5",
              "Level": "4",
              "Task": "3",
              "Opcode": "0",
              "Keywords": "0x8000000000000000",
              "TimeCreated": {
                "@SystemTime": "2025-12-02T11:18:21.640625000Z"
              },
              "EventRecordID": "9171",
              "Correlation": null,
              "Execution": {
                "@ProcessID": "1232",
                "@ThreadID": "1884"
              },
              "Channel": "Microsoft-Windows-Sysmon/Operational",
              "Computer": "zyDrrzkxqgZ",
              "Security": {
                "@UserID": "S-1-5-18"
              }
            },
            "EventData": {
              "Data": [
                {
                  "@Name": "RuleName"
                },
                {
                  "@Name": "UtcTime",
                  "#text": "2020-06-16 02:07:42.117"
                },
                {
                  "@Name": "ProcessGuid",
                  "#text": "{7EA2F8B5-2969-5EE8-0000-0010E0142701}"
                },
                {
                  "@Name": "ProcessId",
                  "#text": "2068"
                },
                {
                  "@Name": "Image",
                  "#text": "C:\\Python27\\pythonw.exe"
                },
                {
                  "@Name": "User",
                  "#text": "ZYDRRZKXQGZ\\Administrator"
                },
                {
                  "@Name": "Protocol",
                  "#text": "tcp"
                },
                {
                  "@Name": "Initiated",
                  "#text": "true"
                },
                {
                  "@Name": "SourceIsIpv6",
                  "#text": "false"
                },
                {
                  "@Name": "SourceIp",
                  "#text": "192.168.168.209"
                },
                {
                  "@Name": "SourceHostname",
                  "#text": "zyDrrzkxqgZ"
                },
                {
                  "@Name": "SourcePort",
                  "#text": "49260"
                },
                {
                  "@Name": "SourcePortName"
                },
                {
                  "@Name": "DestinationIsIpv6",
                  "#text": "false"
                },
                {
                  "@Name": "DestinationIp",
                  "#text": "192.168.168.1"
                },
                {
                  "@Name": "DestinationHostname"
                },
                {
                  "@Name": "DestinationPort",
                  "#text": "39155"
                },
                {
                  "@Name": "DestinationPortName"
                }
              ]
            }
          },
          {
            "@xmlns": "http://schemas.microsoft.com/win/2004/08/events/event",
            "System": {
              "Provider": {
                "@Name": "Microsoft-Windows-Sysmon",
                "@Guid": "{5770385F-C22A-43E0-BF4C-06F5698FFBD9}"
              },
              "EventID": "3",
              "Version": "5",
              "Level": "4",
              "Task": "3",
              "Opcode": "0",
              "Keywords": "0x8000000000000000",
              "TimeCreated": {
                "@SystemTime": "2025-12-02T11:18:21.640625000Z"
              },
              "EventRecordID": "9170",
              "Correlation": null,
              "Execution": {
                "@ProcessID": "1232",
                "@ThreadID": "1884"
              },
              "Channel": "Microsoft-Windows-Sysmon/Operational",
              "Computer": "zyDrrzkxqgZ",
              "Security": {
                "@UserID": "S-1-5-18"
              }
            },
            "EventData": {
              "Data": [
                {
                  "@Name": "RuleName"
                },
                {
                  "@Name": "UtcTime",
                  "#text": "2020-06-16 02:07:41.758"
                },
                {
                  "@Name": "ProcessGuid",
                  "#text": "{7EA2F8B5-26A2-5EE8-0000-0010ADE50000}"
                },
                {
                  "@Name": "ProcessId",
                  "#text": "416"
                },
                {
                  "@Name": "Image",
                  "#text": "C:\\Windows\\System32\\svchost.exe"
                },
                {
                  "@Name": "User",
                  "#text": "NT AUTHORITY\\NETWORK SERVICE"
                },
                {
                  "@Name": "Protocol",
                  "#text": "udp"
                },
                {
                  "@Name": "Initiated",
                  "#text": "false"
                },
                {
                  "@Name": "SourceIsIpv6",
                  "#text": "true"
                },
                {
                  "@Name": "SourceIp",
                  "#text": "ff02:0:0:0:0:0:1:3"
                },
                {
                  "@Name": "SourceHostname"
                },
                {
                  "@Name": "SourcePort",
                  "#text": "5355"
                },
                {
                  "@Name": "SourcePortName",
                  "#text": "llmnr"
                },
                {
                  "@Name": "DestinationIsIpv6",
                  "#text": "true"
                },
                {
                  "@Name": "DestinationIp",
                  "#text": "fe80:0:0:0:5d3c:f14f:3703:8222"
                },
                {
                  "@Name": "DestinationHostname",
                  "#text": "zyDrrzkxqgZ"
                },
                {
                  "@Name": "DestinationPort",
                  "#text": "60764"
                },
                {
                  "@Name": "DestinationPortName"
                }
              ]
            }
          },
          {
            "@xmlns": "http://schemas.microsoft.com/win/2004/08/events/event",
            "System": {
              "Provider": {
                "@Name": "Microsoft-Windows-Sysmon",
                "@Guid": "{5770385F-C22A-43E0-BF4C-06F5698FFBD9}"
              },
              "EventID": "3",
              "Version": "5",
              "Level": "4",
              "Task": "3",
              "Opcode": "0",
              "Keywords": "0x8000000000000000",
              "TimeCreated": {
                "@SystemTime": "2025-12-02T11:18:21.640625000Z"
              },
              "EventRecordID": "9169",
              "Correlation": null,
              "Execution": {
                "@ProcessID": "1232",
                "@ThreadID": "1884"
              },
              "Channel": "Microsoft-Windows-Sysmon/Operational",
              "Computer": "zyDrrzkxqgZ",
              "Security": {
                "@UserID": "S-1-5-18"
              }
            },
            "EventData": {
              "Data": [
                {
                  "@Name": "RuleName"
                },
                {
                  "@Name": "UtcTime",
                  "#text": "2020-06-16 02:07:41.403"
                },
                {
                  "@Name": "ProcessGuid",
                  "#text": "{7EA2F8B5-26A4-5EE8-0000-00104A7B0200}"
                },
                {
                  "@Name": "ProcessId",
                  "#text": "648"
                },
                {
                  "@Name": "Image",
                  "#text": "C:\\Python27\\pythonw.exe"
                },
                {
                  "@Name": "User",
                  "#text": "ZYDRRZKXQGZ\\Administrator"
                },
                {
                  "@Name": "Protocol",
                  "#text": "tcp"
                },
                {
                  "@Name": "Initiated",
                  "#text": "false"
                },
                {
                  "@Name": "SourceIsIpv6",
                  "#text": "false"
                },
                {
                  "@Name": "SourceIp",
                  "#text": "192.168.168.209"
                },
                {
                  "@Name": "SourceHostname",
                  "#text": "zyDrrzkxqgZ"
                },
                {
                  "@Name": "SourcePort",
                  "#text": "8000"
                },
                {
                  "@Name": "SourcePortName"
                },
                {
                  "@Name": "DestinationIsIpv6",
                  "#text": "false"
                },
                {
                  "@Name": "DestinationIp",
                  "#text": "192.168.168.1"
                },
                {
                  "@Name": "DestinationHostname"
                },
                {
                  "@Name": "DestinationPort",
                  "#text": "50394"
                },
                {
                  "@Name": "DestinationPortName"
                }
              ]
            }
          },
          {
            "@xmlns": "http://schemas.microsoft.com/win/2004/08/events/event",
            "System": {
              "Provider": {
                "@Name": "Microsoft-Windows-Sysmon",
                "@Guid": "{5770385F-C22A-43E0-BF4C-06F5698FFBD9}"
              },
              "EventID": "3",
              "Version": "5",
              "Level": "4",
              "Task": "3",
              "Opcode": "0",
              "Keywords": "0x8000000000000000",
              "TimeCreated": {
                "@SystemTime": "2025-12-02T11:18:21.640625000Z"
              },
              "EventRecordID": "9168",
              "Correlation": null,
              "Execution": {
                "@ProcessID": "1232",
                "@ThreadID": "1884"
              },
              "Channel": "Microsoft-Windows-Sysmon/Operational",
              "Computer": "zyDrrzkxqgZ",
              "Security": {
                "@UserID": "S-1-5-18"
              }
            },
            "EventData": {
              "Data": [
                {
                  "@Name": "RuleName"
                },
                {
                  "@Name": "UtcTime",
                  "#text": "2020-06-16 02:07:41.055"
                },
                {
                  "@Name": "ProcessGuid",
                  "#text": "{7EA2F8B5-26A1-5EE8-0000-0010FBCC0000}"
                },
                {
                  "@Name": "ProcessId",
                  "#text": "880"
                },
                {
                  "@Name": "Image",
                  "#text": "C:\\Windows\\System32\\svchost.exe"
                },
                {
                  "@Name": "User",
                  "#text": "NT AUTHORITY\\LOCAL SERVICE"
                },
                {
                  "@Name": "Protocol",
                  "#text": "udp"
                },
                {
                  "@Name": "Initiated",
                  "#text": "true"
                },
                {
                  "@Name": "SourceIsIpv6",
                  "#text": "false"
                },
                {
                  "@Name": "SourceIp",
                  "#text": "192.168.168.209"
                },
                {
                  "@Name": "SourceHostname",
                  "#text": "zyDrrzkxqgZ"
                },
                {
                  "@Name": "SourcePort",
                  "#text": "123"
                },
                {
                  "@Name": "SourcePortName",
                  "#text": "ntp"
                },
                {
                  "@Name": "DestinationIsIpv6",
                  "#text": "false"
                },
                {
                  "@Name": "DestinationIp",
                  "#text": "104.40.149.189"
                },
                {
                  "@Name": "DestinationHostname"
                },
                {
                  "@Name": "DestinationPort",
                  "#text": "123"
                },
                {
                  "@Name": "DestinationPortName",
                  "#text": "ntp"
                }
              ]
            }
          },
